Using pre-set license
Built from '2021.3/staging' branch; Version is '2021.3.7f1 (24e8595d6d43) revision 2418777'; Using compiler version '192829333'; Build Type 'Release'
OS: 'Windows 10  (10.0.19044) 64bit Core' Language: 'en' Physical Memory: 14188 MB
BatchMode: 1, IsHumanControllingUs: 0, StartBugReporterOnCrash: 0, Is64bit: 1, IsPro: 1

COMMAND LINE ARGUMENTS:
C:\Program Files\Unity\Hub\Editor\2021.3.7f1\Editor\Unity.exe
-adb2
-batchMode
-noUpm
-name
AssetImportWorker2
-projectPath
C:/Users/jt366/Music/FrostFire/My project (1)
-logFile
Logs/AssetImportWorker2.log
-srvPort
61794
Successfully changed project path to: C:/Users/jt366/Music/FrostFire/My project (1)
C:/Users/jt366/Music/FrostFire/My project (1)
[UnityMemory] Configuration Parameters - Can be set up in boot.config
    "memorysetup-bucket-allocator-granularity=16"
    "memorysetup-bucket-allocator-bucket-count=8"
    "memorysetup-bucket-allocator-block-size=33554432"
    "memorysetup-bucket-allocator-block-count=8"
    "memorysetup-main-allocator-block-size=16777216"
    "memorysetup-thread-allocator-block-size=16777216"
    "memorysetup-gfx-main-allocator-block-size=16777216"
    "memorysetup-gfx-thread-allocator-block-size=16777216"
    "memorysetup-cache-allocator-block-size=4194304"
    "memorysetup-typetree-allocator-block-size=2097152"
    "memorysetup-profiler-bucket-allocator-granularity=16"
    "memorysetup-profiler-bucket-allocator-bucket-count=8"
    "memorysetup-profiler-bucket-allocator-block-size=33554432"
    "memorysetup-profiler-bucket-allocator-block-count=8"
    "memorysetup-profiler-allocator-block-size=16777216"
    "memorysetup-profiler-editor-allocator-block-size=1048576"
    "memorysetup-temp-allocator-size-main=16777216"
    "memorysetup-job-temp-allocator-block-size=2097152"
    "memorysetup-job-temp-allocator-block-size-background=1048576"
    "memorysetup-job-temp-allocator-reduction-small-platforms=262144"
    "memorysetup-temp-allocator-size-background-worker=32768"
    "memorysetup-temp-allocator-size-job-worker=262144"
    "memorysetup-temp-allocator-size-preload-manager=33554432"
    "memorysetup-temp-allocator-size-nav-mesh-worker=65536"
    "memorysetup-temp-allocator-size-audio-worker=65536"
    "memorysetup-temp-allocator-size-cloud-worker=32768"
    "memorysetup-temp-allocator-size-gi-baking-worker=262144"
    "memorysetup-temp-allocator-size-gfx=262144"
Refreshing native plugins compatible for Editor in 109.69 ms, found 3 plugins.
Preloading 0 native plugins for Editor in 0.00 ms.
Initialize engine version: 2021.3.7f1 (24e8595d6d43)
[Subsystems] Discovering subsystems at path C:/Program Files/Unity/Hub/Editor/2021.3.7f1/Editor/Data/Resources/UnitySubsystems
[Subsystems] Discovering subsystems at path C:/Users/jt366/Music/FrostFire/My project (1)/Assets
GfxDevice: creating device client; threaded=0; jobified=0
Direct3D:
    Version:  Direct3D 11.0 [level 11.1]
    Renderer: NVIDIA GeForce RTX 3050 Ti Laptop GPU (ID=0x25e0)
    Vendor:   NVIDIA
    VRAM:     3990 MB
    Driver:   31.0.15.1694
Initialize mono
Mono path[0] = 'C:/Program Files/Unity/Hub/Editor/2021.3.7f1/Editor/Data/Managed'
Mono path[1] = 'C:/Program Files/Unity/Hub/Editor/2021.3.7f1/Editor/Data/MonoBleedingEdge/lib/mono/unityjit-win32'
Mono config path = 'C:/Program Files/Unity/Hub/Editor/2021.3.7f1/Editor/Data/MonoBleedingEdge/etc'
Using monoOptions --debugger-agent=transport=dt_socket,embedding=1,server=y,suspend=n,address=127.0.0.1:56048
Begin MonoManager ReloadAssembly
Registering precompiled unity dll's ...
Register platform support module: C:/Program Files/Unity/Hub/Editor/2021.3.7f1/Editor/Data/PlaybackEngines/WindowsStandaloneSupport/UnityEditor.WindowsStandalone.Extensions.dll
Registered in 0.005950 seconds.
Native extension for WindowsStandalone target not found
Refreshing native plugins compatible for Editor in 92.36 ms, found 3 plugins.
Preloading 0 native plugins for Editor in 0.00 ms.
Mono: successfully reloaded assembly
- Completed reload, in  0.563 seconds
Domain Reload Profiling:
	ReloadAssembly (564ms)
		BeginReloadAssembly (66ms)
			ExecutionOrderSort (0ms)
			DisableScriptedObjects (0ms)
			BackupInstance (0ms)
			ReleaseScriptingObjects (0ms)
			CreateAndSetChildDomain (1ms)
		EndReloadAssembly (404ms)
			LoadAssemblies (62ms)
			RebuildTransferFunctionScriptingTraits (0ms)
			SetupTypeCache (84ms)
			ReleaseScriptCaches (0ms)
			RebuildScriptCaches (20ms)
			SetupLoadedEditorAssemblies (256ms)
				LogAssemblyErrors (0ms)
				InitializePlatformSupportModulesInManaged (7ms)
				SetLoadedEditorAssemblies (0ms)
				RefreshPlugins (92ms)
				BeforeProcessingInitializeOnLoad (1ms)
				ProcessInitializeOnLoadAttributes (119ms)
				ProcessInitializeOnLoadMethodAttributes (36ms)
				AfterProcessingInitializeOnLoad (0ms)
				EditorAssembliesLoaded (0ms)
			ExecutionOrderSort2 (0ms)
			AwakeInstancesAfterBackupRestoration (0ms)
Platform modules already initialized, skipping
Registering precompiled user dll's ...
Registered in 0.007061 seconds.
Begin MonoManager ReloadAssembly
Symbol file LoadedFromMemory doesn't match image C:\Users\jt366\Music\FrostFire\My project (1)\Library\PackageCache\com.unity.visualscripting@1.7.8\Editor\VisualScripting.Core\Dependencies\YamlDotNet\Unity.VisualScripting.YamlDotNet.dll
Symbol file LoadedFromMemory doesn't match image C:\Users\jt366\Music\FrostFire\My project (1)\Library\PackageCache\com.unity.visualscripting@1.7.8\Editor\VisualScripting.Core\Dependencies\DotNetZip\Unity.VisualScripting.IonicZip.dll
Native extension for WindowsStandalone target not found
Refreshing native plugins compatible for Editor in 97.08 ms, found 3 plugins.
Preloading 0 native plugins for Editor in 0.00 ms.
Mono: successfully reloaded assembly
- Completed reload, in  1.230 seconds
Domain Reload Profiling:
	ReloadAssembly (1230ms)
		BeginReloadAssembly (99ms)
			ExecutionOrderSort (0ms)
			DisableScriptedObjects (5ms)
			BackupInstance (0ms)
			ReleaseScriptingObjects (0ms)
			CreateAndSetChildDomain (20ms)
		EndReloadAssembly (1029ms)
			LoadAssemblies (83ms)
			RebuildTransferFunctionScriptingTraits (0ms)
			SetupTypeCache (234ms)
			ReleaseScriptCaches (1ms)
			RebuildScriptCaches (58ms)
			SetupLoadedEditorAssemblies (613ms)
				LogAssemblyErrors (0ms)
				InitializePlatformSupportModulesInManaged (4ms)
				SetLoadedEditorAssemblies (0ms)
				RefreshPlugins (97ms)
				BeforeProcessingInitializeOnLoad (109ms)
				ProcessInitializeOnLoadAttributes (322ms)
				ProcessInitializeOnLoadMethodAttributes (73ms)
				AfterProcessingInitializeOnLoad (8ms)
				EditorAssembliesLoaded (0ms)
			ExecutionOrderSort2 (0ms)
			AwakeInstancesAfterBackupRestoration (5ms)
Platform modules already initialized, skipping
========================================================================
Worker process is ready to serve import requests
Launched and connected shader compiler UnityShaderCompiler.exe after 0.04 seconds
Refreshing native plugins compatible for Editor in 1.26 ms, found 3 plugins.
Preloading 0 native plugins for Editor in 0.00 ms.
Unloading 5559 Unused Serialized files (Serialized files now loaded: 0)
Unloading 51 unused Assets / (0.8 MB). Loaded Objects now: 6013.
Memory consumption went from 218.0 MB to 217.2 MB.
Total: 3.935500 ms (FindLiveObjects: 0.455400 ms CreateObjectMapping: 0.178300 ms MarkObjects: 3.003900 ms  DeleteObjects: 0.297200 ms)

AssetImportParameters requested are different than current active one (requested -> active):
  custom:video-decoder-ogg-theora: a1e56fd34408186e4bbccfd4996cb3dc -> 
  custom:container-muxer-webm: aa71ff27fc2769a1b78a27578f13a17b -> 
  custom:container-demuxer-webm: 4f35f7cbe854078d1ac9338744f61a02 -> 
  custom:video-encoder-webm-vp8: eb34c28f22e8b96e1ab97ce403110664 -> 
  custom:audio-encoder-webm-vorbis: bf7c407c2cedff20999df2af8eb42d56 -> 
  custom:framework-win-MediaFoundation: 216162199b28c13a410421893ffa2e32 -> 
  custom:container-demuxer-ogg: 62fdf1f143b41e24485cea50d1cbac27 -> 
  custom:video-decoder-webm-vp8: 9c59270c3fd7afecdb556c50c9e8de78 -> 
  custom:audio-decoder-ogg-vorbis: bf7c407c2cedff20999df2af8eb42d56 -> 
========================================================================
Received Import Request.
  Time since last request: 41073.608546 seconds.
  path: Assets/Rectiles/crosshair022.png
  artifactKey: Guid(4cfe95cb6926103408e19f3799e793c7) Importer(815301076,1909f56bfc062723c751e8b465ee728b)
Start importing Assets/Rectiles/crosshair022.png using Guid(4cfe95cb6926103408e19f3799e793c7) Importer(815301076,1909f56bfc062723c751e8b465ee728b)  -> (artifact id: 'eb18489e518af2829c53ecc935046903') in 0.083974 seconds 
========================================================================
Received Import Request.
  Time since last request: 0.000048 seconds.
  path: Assets/Rectiles/crosshair033.png
  artifactKey: Guid(41596a8bd3f0ac24c8c5846de86ea85b) Importer(815301076,1909f56bfc062723c751e8b465ee728b)
Start importing Assets/Rectiles/crosshair033.png using Guid(41596a8bd3f0ac24c8c5846de86ea85b) Importer(815301076,1909f56bfc062723c751e8b465ee728b)  -> (artifact id: '30e4c518b004c41cdb25959a6e2b24dc') in 0.017976 seconds 
========================================================================
Received Import Request.
  Time since last request: 0.284829 seconds.
  path: Assets/Rectiles/crosshair034.png
  artifactKey: Guid(5d2e0cef857657e408d5751374dcf501) Importer(815301076,1909f56bfc062723c751e8b465ee728b)
Start importing Assets/Rectiles/crosshair034.png using Guid(5d2e0cef857657e408d5751374dcf501) Importer(815301076,1909f56bfc062723c751e8b465ee728b)  -> (artifact id: 'e47f860fadc8402e85ec38e71530ddad') in 0.018635 seconds 
========================================================================
Received Import Request.
  Time since last request: 0.000045 seconds.
  path: Assets/Rectiles/crosshair039.png
  artifactKey: Guid(4934af2a2592d184faa8052125742e66) Importer(815301076,1909f56bfc062723c751e8b465ee728b)
Start importing Assets/Rectiles/crosshair039.png using Guid(4934af2a2592d184faa8052125742e66) Importer(815301076,1909f56bfc062723c751e8b465ee728b)  -> (artifact id: 'cbb092c4a06f42d3cf83acc338ab18d5') in 0.016741 seconds 
========================================================================
Received Import Request.
  Time since last request: 0.000034 seconds.
  path: Assets/Rectiles/crosshair042.png
  artifactKey: Guid(0d48cf664670b6c448850c0c457ddb44) Importer(815301076,1909f56bfc062723c751e8b465ee728b)
Start importing Assets/Rectiles/crosshair042.png using Guid(0d48cf664670b6c448850c0c457ddb44) Importer(815301076,1909f56bfc062723c751e8b465ee728b)  -> (artifact id: '3847708d7c03cf526fcf78069067b009') in 0.016539 seconds 
========================================================================
Received Import Request.
  Time since last request: 0.002007 seconds.
  path: Assets/Rectiles/crosshair046.png
  artifactKey: Guid(dc0954b29ac7b9d40881fe5af61f943a) Importer(815301076,1909f56bfc062723c751e8b465ee728b)
Start importing Assets/Rectiles/crosshair046.png using Guid(dc0954b29ac7b9d40881fe5af61f943a) Importer(815301076,1909f56bfc062723c751e8b465ee728b)  -> (artifact id: '5acb5d9b3d5d432e6ee4f975b22b0d9d') in 0.016796 seconds 
========================================================================
Received Import Request.
  Time since last request: 0.421209 seconds.
  path: Assets/Rectiles/crosshair050.png
  artifactKey: Guid(c39367d5111492b499a8325959a0797d) Importer(815301076,1909f56bfc062723c751e8b465ee728b)
Start importing Assets/Rectiles/crosshair050.png using Guid(c39367d5111492b499a8325959a0797d) Importer(815301076,1909f56bfc062723c751e8b465ee728b)  -> (artifact id: 'e28947e8a0c98e5d1a2a19643e6635fb') in 0.017211 seconds 
========================================================================
Received Import Request.
  Time since last request: 0.000034 seconds.
  path: Assets/Rectiles/crosshair055.png
  artifactKey: Guid(36d52864853e3fe4a8ac97c9af8caa8e) Importer(815301076,1909f56bfc062723c751e8b465ee728b)
Start importing Assets/Rectiles/crosshair055.png using Guid(36d52864853e3fe4a8ac97c9af8caa8e) Importer(815301076,1909f56bfc062723c751e8b465ee728b)  -> (artifact id: '0b8fc99f9b1712b0464a1d456270ea35') in 0.014625 seconds 
========================================================================
Received Import Request.
  Time since last request: 0.004674 seconds.
  path: Assets/Rectiles/crosshair058.png
  artifactKey: Guid(05c3b2d0065236041b30db48744f3138) Importer(815301076,1909f56bfc062723c751e8b465ee728b)
Start importing Assets/Rectiles/crosshair058.png using Guid(05c3b2d0065236041b30db48744f3138) Importer(815301076,1909f56bfc062723c751e8b465ee728b)  -> (artifact id: '8079be337dc6095680371cc01f31d883') in 0.018614 seconds 
========================================================================
Received Import Request.
  Time since last request: 0.000044 seconds.
  path: Assets/Rectiles/crosshair062.png
  artifactKey: Guid(9018f1135df98d5429c7f25105533732) Importer(815301076,1909f56bfc062723c751e8b465ee728b)
Start importing Assets/Rectiles/crosshair062.png using Guid(9018f1135df98d5429c7f25105533732) Importer(815301076,1909f56bfc062723c751e8b465ee728b)  -> (artifact id: 'f8ae13d551126e28ad2a2b04143bb0ce') in 0.015965 seconds 
========================================================================
Received Import Request.
  Time since last request: 21.991669 seconds.
  path: Assets/Rectiles/crosshair010.png
  artifactKey: Guid(f30e2ed5560cb9747948da8061bcfb8e) Importer(815301076,1909f56bfc062723c751e8b465ee728b)
Start importing Assets/Rectiles/crosshair010.png using Guid(f30e2ed5560cb9747948da8061bcfb8e) Importer(815301076,1909f56bfc062723c751e8b465ee728b)  -> (artifact id: '1a573656b9a1e2ba48ab3c986bb9ce66') in 0.044676 seconds 
========================================================================
Received Prepare
Registering precompiled user dll's ...
Registered in 0.006438 seconds.
Begin MonoManager ReloadAssembly
Symbol file LoadedFromMemory doesn't match image C:\Users\jt366\Music\FrostFire\My project (1)\Library\PackageCache\com.unity.visualscripting@1.7.8\Editor\VisualScripting.Core\Dependencies\YamlDotNet\Unity.VisualScripting.YamlDotNet.dll
Symbol file LoadedFromMemory doesn't match image C:\Users\jt366\Music\FrostFire\My project (1)\Library\PackageCache\com.unity.visualscripting@1.7.8\Editor\VisualScripting.Core\Dependencies\DotNetZip\Unity.VisualScripting.IonicZip.dll
Native extension for WindowsStandalone target not found
Refreshing native plugins compatible for Editor in 0.99 ms, found 3 plugins.
Preloading 0 native plugins for Editor in 0.00 ms.
Mono: successfully reloaded assembly
- Completed reload, in  1.017 seconds
Domain Reload Profiling:
	ReloadAssembly (1018ms)
		BeginReloadAssembly (121ms)
			ExecutionOrderSort (0ms)
			DisableScriptedObjects (4ms)
			BackupInstance (0ms)
			ReleaseScriptingObjects (0ms)
			CreateAndSetChildDomain (41ms)
		EndReloadAssembly (806ms)
			LoadAssemblies (78ms)
			RebuildTransferFunctionScriptingTraits (0ms)
			SetupTypeCache (234ms)
			ReleaseScriptCaches (2ms)
			RebuildScriptCaches (36ms)
			SetupLoadedEditorAssemblies (408ms)
				LogAssemblyErrors (0ms)
				InitializePlatformSupportModulesInManaged (11ms)
				SetLoadedEditorAssemblies (0ms)
				RefreshPlugins (1ms)
				BeforeProcessingInitializeOnLoad (73ms)
				ProcessInitializeOnLoadAttributes (247ms)
				ProcessInitializeOnLoadMethodAttributes (67ms)
				AfterProcessingInitializeOnLoad (8ms)
				EditorAssembliesLoaded (0ms)
			ExecutionOrderSort2 (0ms)
			AwakeInstancesAfterBackupRestoration (12ms)
Platform modules already initialized, skipping
Refreshing native plugins compatible for Editor in 2.39 ms, found 3 plugins.
Preloading 0 native plugins for Editor in 0.00 ms.
Unloading 5434 Unused Serialized files (Serialized files now loaded: 0)
Unloading 30 unused Assets / (0.7 MB). Loaded Objects now: 6033.
Memory consumption went from 215.1 MB to 214.3 MB.
Total: 4.006200 ms (FindLiveObjects: 0.403400 ms CreateObjectMapping: 0.163200 ms MarkObjects: 3.112200 ms  DeleteObjects: 0.325700 ms)

AssetImportParameters requested are different than current active one (requested -> active):
  custom:video-decoder-ogg-theora: a1e56fd34408186e4bbccfd4996cb3dc -> 
  custom:container-muxer-webm: aa71ff27fc2769a1b78a27578f13a17b -> 
  custom:container-demuxer-webm: 4f35f7cbe854078d1ac9338744f61a02 -> 
  custom:video-encoder-webm-vp8: eb34c28f22e8b96e1ab97ce403110664 -> 
  custom:audio-encoder-webm-vorbis: bf7c407c2cedff20999df2af8eb42d56 -> 
  custom:framework-win-MediaFoundation: 216162199b28c13a410421893ffa2e32 -> 
  custom:container-demuxer-ogg: 62fdf1f143b41e24485cea50d1cbac27 -> 
  custom:video-decoder-webm-vp8: 9c59270c3fd7afecdb556c50c9e8de78 -> 
  custom:audio-decoder-ogg-vorbis: bf7c407c2cedff20999df2af8eb42d56 -> 
========================================================================
Received Prepare
Registering precompiled user dll's ...
Registered in 0.006955 seconds.
Begin MonoManager ReloadAssembly
Symbol file LoadedFromMemory doesn't match image C:\Users\jt366\Music\FrostFire\My project (1)\Library\PackageCache\com.unity.visualscripting@1.7.8\Editor\VisualScripting.Core\Dependencies\YamlDotNet\Unity.VisualScripting.YamlDotNet.dll
Symbol file LoadedFromMemory doesn't match image C:\Users\jt366\Music\FrostFire\My project (1)\Library\PackageCache\com.unity.visualscripting@1.7.8\Editor\VisualScripting.Core\Dependencies\DotNetZip\Unity.VisualScripting.IonicZip.dll
Native extension for WindowsStandalone target not found
Refreshing native plugins compatible for Editor in 0.98 ms, found 3 plugins.
Preloading 0 native plugins for Editor in 0.00 ms.
Mono: successfully reloaded assembly
- Completed reload, in  1.024 seconds
Domain Reload Profiling:
	ReloadAssembly (1025ms)
		BeginReloadAssembly (125ms)
			ExecutionOrderSort (0ms)
			DisableScriptedObjects (4ms)
			BackupInstance (0ms)
			ReleaseScriptingObjects (0ms)
			CreateAndSetChildDomain (39ms)
		EndReloadAssembly (807ms)
			LoadAssemblies (85ms)
			RebuildTransferFunctionScriptingTraits (0ms)
			SetupTypeCache (224ms)
			ReleaseScriptCaches (2ms)
			RebuildScriptCaches (41ms)
			SetupLoadedEditorAssemblies (411ms)
				LogAssemblyErrors (0ms)
				InitializePlatformSupportModulesInManaged (11ms)
				SetLoadedEditorAssemblies (0ms)
				RefreshPlugins (1ms)
				BeforeProcessingInitializeOnLoad (72ms)
				ProcessInitializeOnLoadAttributes (249ms)
				ProcessInitializeOnLoadMethodAttributes (69ms)
				AfterProcessingInitializeOnLoad (9ms)
				EditorAssembliesLoaded (0ms)
			ExecutionOrderSort2 (0ms)
			AwakeInstancesAfterBackupRestoration (13ms)
Platform modules already initialized, skipping
Refreshing native plugins compatible for Editor in 2.40 ms, found 3 plugins.
Preloading 0 native plugins for Editor in 0.00 ms.
Unloading 5434 Unused Serialized files (Serialized files now loaded: 0)
Unloading 30 unused Assets / (0.7 MB). Loaded Objects now: 6048.
Memory consumption went from 215.1 MB to 214.4 MB.
Total: 3.735800 ms (FindLiveObjects: 0.448800 ms CreateObjectMapping: 0.154300 ms MarkObjects: 2.833900 ms  DeleteObjects: 0.297800 ms)

AssetImportParameters requested are different than current active one (requested -> active):
  custom:video-decoder-ogg-theora: a1e56fd34408186e4bbccfd4996cb3dc -> 
  custom:container-muxer-webm: aa71ff27fc2769a1b78a27578f13a17b -> 
  custom:container-demuxer-webm: 4f35f7cbe854078d1ac9338744f61a02 -> 
  custom:video-encoder-webm-vp8: eb34c28f22e8b96e1ab97ce403110664 -> 
  custom:audio-encoder-webm-vorbis: bf7c407c2cedff20999df2af8eb42d56 -> 
  custom:framework-win-MediaFoundation: 216162199b28c13a410421893ffa2e32 -> 
  custom:container-demuxer-ogg: 62fdf1f143b41e24485cea50d1cbac27 -> 
  custom:video-decoder-webm-vp8: 9c59270c3fd7afecdb556c50c9e8de78 -> 
  custom:audio-decoder-ogg-vorbis: bf7c407c2cedff20999df2af8eb42d56 -> 
========================================================================
Received Prepare
Registering precompiled user dll's ...
Registered in 0.007694 seconds.
Begin MonoManager ReloadAssembly
Symbol file LoadedFromMemory doesn't match image C:\Users\jt366\Music\FrostFire\My project (1)\Library\PackageCache\com.unity.visualscripting@1.7.8\Editor\VisualScripting.Core\Dependencies\YamlDotNet\Unity.VisualScripting.YamlDotNet.dll
Symbol file LoadedFromMemory doesn't match image C:\Users\jt366\Music\FrostFire\My project (1)\Library\PackageCache\com.unity.visualscripting@1.7.8\Editor\VisualScripting.Core\Dependencies\DotNetZip\Unity.VisualScripting.IonicZip.dll
Native extension for WindowsStandalone target not found
Refreshing native plugins compatible for Editor in 1.03 ms, found 3 plugins.
Preloading 0 native plugins for Editor in 0.00 ms.
Mono: successfully reloaded assembly
- Completed reload, in  1.016 seconds
Domain Reload Profiling:
	ReloadAssembly (1016ms)
		BeginReloadAssembly (119ms)
			ExecutionOrderSort (0ms)
			DisableScriptedObjects (4ms)
			BackupInstance (0ms)
			ReleaseScriptingObjects (0ms)
			CreateAndSetChildDomain (38ms)
		EndReloadAssembly (806ms)
			LoadAssemblies (80ms)
			RebuildTransferFunctionScriptingTraits (0ms)
			SetupTypeCache (225ms)
			ReleaseScriptCaches (2ms)
			RebuildScriptCaches (38ms)
			SetupLoadedEditorAssemblies (413ms)
				LogAssemblyErrors (0ms)
				InitializePlatformSupportModulesInManaged (11ms)
				SetLoadedEditorAssemblies (0ms)
				RefreshPlugins (1ms)
				BeforeProcessingInitializeOnLoad (70ms)
				ProcessInitializeOnLoadAttributes (253ms)
				ProcessInitializeOnLoadMethodAttributes (70ms)
				AfterProcessingInitializeOnLoad (8ms)
				EditorAssembliesLoaded (0ms)
			ExecutionOrderSort2 (0ms)
			AwakeInstancesAfterBackupRestoration (13ms)
Platform modules already initialized, skipping
Refreshing native plugins compatible for Editor in 2.33 ms, found 3 plugins.
Preloading 0 native plugins for Editor in 0.00 ms.
Unloading 5434 Unused Serialized files (Serialized files now loaded: 0)
Unloading 30 unused Assets / (0.7 MB). Loaded Objects now: 6063.
Memory consumption went from 215.1 MB to 214.4 MB.
Total: 3.609000 ms (FindLiveObjects: 0.377200 ms CreateObjectMapping: 0.151000 ms MarkObjects: 2.806000 ms  DeleteObjects: 0.274000 ms)

AssetImportParameters requested are different than current active one (requested -> active):
  custom:video-decoder-ogg-theora: a1e56fd34408186e4bbccfd4996cb3dc -> 
  custom:container-muxer-webm: aa71ff27fc2769a1b78a27578f13a17b -> 
  custom:container-demuxer-webm: 4f35f7cbe854078d1ac9338744f61a02 -> 
  custom:video-encoder-webm-vp8: eb34c28f22e8b96e1ab97ce403110664 -> 
  custom:audio-encoder-webm-vorbis: bf7c407c2cedff20999df2af8eb42d56 -> 
  custom:framework-win-MediaFoundation: 216162199b28c13a410421893ffa2e32 -> 
  custom:container-demuxer-ogg: 62fdf1f143b41e24485cea50d1cbac27 -> 
  custom:video-decoder-webm-vp8: 9c59270c3fd7afecdb556c50c9e8de78 -> 
  custom:audio-decoder-ogg-vorbis: bf7c407c2cedff20999df2af8eb42d56 -> 
========================================================================
Received Prepare
Registering precompiled user dll's ...
Registered in 0.007514 seconds.
Begin MonoManager ReloadAssembly
Symbol file LoadedFromMemory doesn't match image C:\Users\jt366\Music\FrostFire\My project (1)\Library\PackageCache\com.unity.visualscripting@1.7.8\Editor\VisualScripting.Core\Dependencies\YamlDotNet\Unity.VisualScripting.YamlDotNet.dll
Symbol file LoadedFromMemory doesn't match image C:\Users\jt366\Music\FrostFire\My project (1)\Library\PackageCache\com.unity.visualscripting@1.7.8\Editor\VisualScripting.Core\Dependencies\DotNetZip\Unity.VisualScripting.IonicZip.dll
Native extension for WindowsStandalone target not found
Refreshing native plugins compatible for Editor in 1.26 ms, found 3 plugins.
Preloading 0 native plugins for Editor in 0.00 ms.
Mono: successfully reloaded assembly
- Completed reload, in  1.113 seconds
Domain Reload Profiling:
	ReloadAssembly (1114ms)
		BeginReloadAssembly (129ms)
			ExecutionOrderSort (0ms)
			DisableScriptedObjects (4ms)
			BackupInstance (0ms)
			ReleaseScriptingObjects (0ms)
			CreateAndSetChildDomain (45ms)
		EndReloadAssembly (898ms)
			LoadAssemblies (82ms)
			RebuildTransferFunctionScriptingTraits (0ms)
			SetupTypeCache (229ms)
			ReleaseScriptCaches (2ms)
			RebuildScriptCaches (44ms)
			SetupLoadedEditorAssemblies (481ms)
				LogAssemblyErrors (0ms)
				InitializePlatformSupportModulesInManaged (12ms)
				SetLoadedEditorAssemblies (0ms)
				RefreshPlugins (1ms)
				BeforeProcessingInitializeOnLoad (80ms)
				ProcessInitializeOnLoadAttributes (299ms)
				ProcessInitializeOnLoadMethodAttributes (79ms)
				AfterProcessingInitializeOnLoad (9ms)
				EditorAssembliesLoaded (0ms)
			ExecutionOrderSort2 (0ms)
			AwakeInstancesAfterBackupRestoration (16ms)
Platform modules already initialized, skipping
Refreshing native plugins compatible for Editor in 2.89 ms, found 3 plugins.
Preloading 0 native plugins for Editor in 0.00 ms.
Unloading 5434 Unused Serialized files (Serialized files now loaded: 0)
Unloading 30 unused Assets / (0.7 MB). Loaded Objects now: 6078.
Memory consumption went from 215.1 MB to 214.4 MB.
Total: 5.412900 ms (FindLiveObjects: 0.623700 ms CreateObjectMapping: 0.586800 ms MarkObjects: 3.723200 ms  DeleteObjects: 0.477700 ms)

AssetImportParameters requested are different than current active one (requested -> active):
  custom:video-decoder-ogg-theora: a1e56fd34408186e4bbccfd4996cb3dc -> 
  custom:container-muxer-webm: aa71ff27fc2769a1b78a27578f13a17b -> 
  custom:container-demuxer-webm: 4f35f7cbe854078d1ac9338744f61a02 -> 
  custom:video-encoder-webm-vp8: eb34c28f22e8b96e1ab97ce403110664 -> 
  custom:audio-encoder-webm-vorbis: bf7c407c2cedff20999df2af8eb42d56 -> 
  custom:framework-win-MediaFoundation: 216162199b28c13a410421893ffa2e32 -> 
  custom:container-demuxer-ogg: 62fdf1f143b41e24485cea50d1cbac27 -> 
  custom:video-decoder-webm-vp8: 9c59270c3fd7afecdb556c50c9e8de78 -> 
  custom:audio-decoder-ogg-vorbis: bf7c407c2cedff20999df2af8eb42d56 -> 
========================================================================
Received Prepare
Registering precompiled user dll's ...
Registered in 0.007454 seconds.
Begin MonoManager ReloadAssembly
Symbol file LoadedFromMemory doesn't match image C:\Users\jt366\Music\FrostFire\My project (1)\Library\PackageCache\com.unity.visualscripting@1.7.8\Editor\VisualScripting.Core\Dependencies\YamlDotNet\Unity.VisualScripting.YamlDotNet.dll
Symbol file LoadedFromMemory doesn't match image C:\Users\jt366\Music\FrostFire\My project (1)\Library\PackageCache\com.unity.visualscripting@1.7.8\Editor\VisualScripting.Core\Dependencies\DotNetZip\Unity.VisualScripting.IonicZip.dll
Native extension for WindowsStandalone target not found
Refreshing native plugins compatible for Editor in 1.07 ms, found 3 plugins.
Preloading 0 native plugins for Editor in 0.00 ms.
Mono: successfully reloaded assembly
- Completed reload, in  1.103 seconds
Domain Reload Profiling:
	ReloadAssembly (1104ms)
		BeginReloadAssembly (120ms)
			ExecutionOrderSort (0ms)
			DisableScriptedObjects (4ms)
			BackupInstance (0ms)
			ReleaseScriptingObjects (0ms)
			CreateAndSetChildDomain (39ms)
		EndReloadAssembly (890ms)
			LoadAssemblies (76ms)
			RebuildTransferFunctionScriptingTraits (0ms)
			SetupTypeCache (223ms)
			ReleaseScriptCaches (2ms)
			RebuildScriptCaches (47ms)
			SetupLoadedEditorAssemblies (477ms)
				LogAssemblyErrors (0ms)
				InitializePlatformSupportModulesInManaged (12ms)
				SetLoadedEditorAssemblies (0ms)
				RefreshPlugins (1ms)
				BeforeProcessingInitializeOnLoad (86ms)
				ProcessInitializeOnLoadAttributes (287ms)
				ProcessInitializeOnLoadMethodAttributes (82ms)
				AfterProcessingInitializeOnLoad (8ms)
				EditorAssembliesLoaded (0ms)
			ExecutionOrderSort2 (0ms)
			AwakeInstancesAfterBackupRestoration (16ms)
Platform modules already initialized, skipping
Refreshing native plugins compatible for Editor in 2.59 ms, found 3 plugins.
Preloading 0 native plugins for Editor in 0.00 ms.
Unloading 5434 Unused Serialized files (Serialized files now loaded: 0)
Unloading 30 unused Assets / (0.7 MB). Loaded Objects now: 6093.
Memory consumption went from 215.2 MB to 214.4 MB.
Total: 5.680900 ms (FindLiveObjects: 0.543000 ms CreateObjectMapping: 0.260600 ms MarkObjects: 4.509500 ms  DeleteObjects: 0.366800 ms)

AssetImportParameters requested are different than current active one (requested -> active):
  custom:video-decoder-ogg-theora: a1e56fd34408186e4bbccfd4996cb3dc -> 
  custom:container-muxer-webm: aa71ff27fc2769a1b78a27578f13a17b -> 
  custom:container-demuxer-webm: 4f35f7cbe854078d1ac9338744f61a02 -> 
  custom:video-encoder-webm-vp8: eb34c28f22e8b96e1ab97ce403110664 -> 
  custom:audio-encoder-webm-vorbis: bf7c407c2cedff20999df2af8eb42d56 -> 
  custom:framework-win-MediaFoundation: 216162199b28c13a410421893ffa2e32 -> 
  custom:container-demuxer-ogg: 62fdf1f143b41e24485cea50d1cbac27 -> 
  custom:video-decoder-webm-vp8: 9c59270c3fd7afecdb556c50c9e8de78 -> 
  custom:audio-decoder-ogg-vorbis: bf7c407c2cedff20999df2af8eb42d56 -> 
========================================================================
Received Prepare
Registering precompiled user dll's ...
Registered in 0.007573 seconds.
Begin MonoManager ReloadAssembly
Symbol file LoadedFromMemory doesn't match image C:\Users\jt366\Music\FrostFire\My project (1)\Library\PackageCache\com.unity.visualscripting@1.7.8\Editor\VisualScripting.Core\Dependencies\YamlDotNet\Unity.VisualScripting.YamlDotNet.dll
Symbol file LoadedFromMemory doesn't match image C:\Users\jt366\Music\FrostFire\My project (1)\Library\PackageCache\com.unity.visualscripting@1.7.8\Editor\VisualScripting.Core\Dependencies\DotNetZip\Unity.VisualScripting.IonicZip.dll
Native extension for WindowsStandalone target not found
Refreshing native plugins compatible for Editor in 1.12 ms, found 3 plugins.
Preloading 0 native plugins for Editor in 0.00 ms.
Mono: successfully reloaded assembly
- Completed reload, in  1.118 seconds
Domain Reload Profiling:
	ReloadAssembly (1119ms)
		BeginReloadAssembly (119ms)
			ExecutionOrderSort (0ms)
			DisableScriptedObjects (4ms)
			BackupInstance (0ms)
			ReleaseScriptingObjects (0ms)
			CreateAndSetChildDomain (40ms)
		EndReloadAssembly (914ms)
			LoadAssemblies (76ms)
			RebuildTransferFunctionScriptingTraits (0ms)
			SetupTypeCache (228ms)
			ReleaseScriptCaches (2ms)
			RebuildScriptCaches (48ms)
			SetupLoadedEditorAssemblies (494ms)
				LogAssemblyErrors (0ms)
				InitializePlatformSupportModulesInManaged (11ms)
				SetLoadedEditorAssemblies (0ms)
				RefreshPlugins (1ms)
				BeforeProcessingInitializeOnLoad (81ms)
				ProcessInitializeOnLoadAttributes (304ms)
				ProcessInitializeOnLoadMethodAttributes (87ms)
				AfterProcessingInitializeOnLoad (8ms)
				EditorAssembliesLoaded (0ms)
			ExecutionOrderSort2 (0ms)
			AwakeInstancesAfterBackupRestoration (14ms)
Platform modules already initialized, skipping
Refreshing native plugins compatible for Editor in 2.58 ms, found 3 plugins.
Preloading 0 native plugins for Editor in 0.00 ms.
Unloading 5434 Unused Serialized files (Serialized files now loaded: 0)
Unloading 30 unused Assets / (0.7 MB). Loaded Objects now: 6108.
Memory consumption went from 215.2 MB to 214.4 MB.
Total: 4.838500 ms (FindLiveObjects: 0.669500 ms CreateObjectMapping: 0.343100 ms MarkObjects: 3.211500 ms  DeleteObjects: 0.613000 ms)

AssetImportParameters requested are different than current active one (requested -> active):
  custom:video-decoder-ogg-theora: a1e56fd34408186e4bbccfd4996cb3dc -> 
  custom:container-muxer-webm: aa71ff27fc2769a1b78a27578f13a17b -> 
  custom:container-demuxer-webm: 4f35f7cbe854078d1ac9338744f61a02 -> 
  custom:video-encoder-webm-vp8: eb34c28f22e8b96e1ab97ce403110664 -> 
  custom:audio-encoder-webm-vorbis: bf7c407c2cedff20999df2af8eb42d56 -> 
  custom:framework-win-MediaFoundation: 216162199b28c13a410421893ffa2e32 -> 
  custom:container-demuxer-ogg: 62fdf1f143b41e24485cea50d1cbac27 -> 
  custom:video-decoder-webm-vp8: 9c59270c3fd7afecdb556c50c9e8de78 -> 
  custom:audio-decoder-ogg-vorbis: bf7c407c2cedff20999df2af8eb42d56 -> 
========================================================================
Received Prepare
Registering precompiled user dll's ...
Registered in 0.007774 seconds.
Begin MonoManager ReloadAssembly
Symbol file LoadedFromMemory doesn't match image C:\Users\jt366\Music\FrostFire\My project (1)\Library\PackageCache\com.unity.visualscripting@1.7.8\Editor\VisualScripting.Core\Dependencies\YamlDotNet\Unity.VisualScripting.YamlDotNet.dll
Symbol file LoadedFromMemory doesn't match image C:\Users\jt366\Music\FrostFire\My project (1)\Library\PackageCache\com.unity.visualscripting@1.7.8\Editor\VisualScripting.Core\Dependencies\DotNetZip\Unity.VisualScripting.IonicZip.dll
Native extension for WindowsStandalone target not found
Refreshing native plugins compatible for Editor in 1.18 ms, found 3 plugins.
Preloading 0 native plugins for Editor in 0.00 ms.
Mono: successfully reloaded assembly
- Completed reload, in  1.101 seconds
Domain Reload Profiling:
	ReloadAssembly (1101ms)
		BeginReloadAssembly (123ms)
			ExecutionOrderSort (0ms)
			DisableScriptedObjects (4ms)
			BackupInstance (0ms)
			ReleaseScriptingObjects (0ms)
			CreateAndSetChildDomain (41ms)
		EndReloadAssembly (893ms)
			LoadAssemblies (82ms)
			RebuildTransferFunctionScriptingTraits (0ms)
			SetupTypeCache (218ms)
			ReleaseScriptCaches (2ms)
			RebuildScriptCaches (46ms)
			SetupLoadedEditorAssemblies (486ms)
				LogAssemblyErrors (0ms)
				InitializePlatformSupportModulesInManaged (12ms)
				SetLoadedEditorAssemblies (0ms)
				RefreshPlugins (1ms)
				BeforeProcessingInitializeOnLoad (82ms)
				ProcessInitializeOnLoadAttributes (298ms)
				ProcessInitializeOnLoadMethodAttributes (82ms)
				AfterProcessingInitializeOnLoad (9ms)
				EditorAssembliesLoaded (0ms)
			ExecutionOrderSort2 (0ms)
			AwakeInstancesAfterBackupRestoration (15ms)
Platform modules already initialized, skipping
Refreshing native plugins compatible for Editor in 2.77 ms, found 3 plugins.
Preloading 0 native plugins for Editor in 0.00 ms.
Unloading 5434 Unused Serialized files (Serialized files now loaded: 0)
Unloading 30 unused Assets / (0.7 MB). Loaded Objects now: 6123.
Memory consumption went from 215.2 MB to 214.4 MB.
Total: 4.997400 ms (FindLiveObjects: 0.443600 ms CreateObjectMapping: 0.487300 ms MarkObjects: 3.721900 ms  DeleteObjects: 0.343700 ms)

AssetImportParameters requested are different than current active one (requested -> active):
  custom:video-decoder-ogg-theora: a1e56fd34408186e4bbccfd4996cb3dc -> 
  custom:container-muxer-webm: aa71ff27fc2769a1b78a27578f13a17b -> 
  custom:container-demuxer-webm: 4f35f7cbe854078d1ac9338744f61a02 -> 
  custom:video-encoder-webm-vp8: eb34c28f22e8b96e1ab97ce403110664 -> 
  custom:audio-encoder-webm-vorbis: bf7c407c2cedff20999df2af8eb42d56 -> 
  custom:framework-win-MediaFoundation: 216162199b28c13a410421893ffa2e32 -> 
  custom:container-demuxer-ogg: 62fdf1f143b41e24485cea50d1cbac27 -> 
  custom:video-decoder-webm-vp8: 9c59270c3fd7afecdb556c50c9e8de78 -> 
  custom:audio-decoder-ogg-vorbis: bf7c407c2cedff20999df2af8eb42d56 -> 
========================================================================
Received Import Request.
  Time since last request: 530.538665 seconds.
  path: Assets/Rectiles/crosshair008.png
  artifactKey: Guid(c2f0263639afebd46afda2754d89808e) Importer(815301076,1909f56bfc062723c751e8b465ee728b)
Start importing Assets/Rectiles/crosshair008.png using Guid(c2f0263639afebd46afda2754d89808e) Importer(815301076,1909f56bfc062723c751e8b465ee728b)  -> (artifact id: '22eb8ac1f262c2b9f4f0c7ec5425c177') in 0.066680 seconds 
========================================================================
Received Prepare
Registering precompiled user dll's ...
Registered in 0.006373 seconds.
Begin MonoManager ReloadAssembly
Symbol file LoadedFromMemory doesn't match image C:\Users\jt366\Music\FrostFire\My project (1)\Library\PackageCache\com.unity.visualscripting@1.7.8\Editor\VisualScripting.Core\Dependencies\YamlDotNet\Unity.VisualScripting.YamlDotNet.dll
Symbol file LoadedFromMemory doesn't match image C:\Users\jt366\Music\FrostFire\My project (1)\Library\PackageCache\com.unity.visualscripting@1.7.8\Editor\VisualScripting.Core\Dependencies\DotNetZip\Unity.VisualScripting.IonicZip.dll
Native extension for WindowsStandalone target not found
Refreshing native plugins compatible for Editor in 1.27 ms, found 3 plugins.
Preloading 0 native plugins for Editor in 0.00 ms.
Mono: successfully reloaded assembly
- Completed reload, in  1.100 seconds
Domain Reload Profiling:
	ReloadAssembly (1101ms)
		BeginReloadAssembly (118ms)
			ExecutionOrderSort (0ms)
			DisableScriptedObjects (4ms)
			BackupInstance (0ms)
			ReleaseScriptingObjects (0ms)
			CreateAndSetChildDomain (40ms)
		EndReloadAssembly (896ms)
			LoadAssemblies (75ms)
			RebuildTransferFunctionScriptingTraits (0ms)
			SetupTypeCache (217ms)
			ReleaseScriptCaches (2ms)
			RebuildScriptCaches (46ms)
			SetupLoadedEditorAssemblies (492ms)
				LogAssemblyErrors (0ms)
				InitializePlatformSupportModulesInManaged (13ms)
				SetLoadedEditorAssemblies (0ms)
				RefreshPlugins (1ms)
				BeforeProcessingInitializeOnLoad (79ms)
				ProcessInitializeOnLoadAttributes (306ms)
				ProcessInitializeOnLoadMethodAttributes (83ms)
				AfterProcessingInitializeOnLoad (8ms)
				EditorAssembliesLoaded (0ms)
			ExecutionOrderSort2 (0ms)
			AwakeInstancesAfterBackupRestoration (15ms)
Platform modules already initialized, skipping
Refreshing native plugins compatible for Editor in 3.21 ms, found 3 plugins.
Preloading 0 native plugins for Editor in 0.00 ms.
Unloading 5434 Unused Serialized files (Serialized files now loaded: 0)
Unloading 30 unused Assets / (0.7 MB). Loaded Objects now: 6138.
Memory consumption went from 215.2 MB to 214.5 MB.
Total: 4.314400 ms (FindLiveObjects: 0.458200 ms CreateObjectMapping: 0.255100 ms MarkObjects: 3.269100 ms  DeleteObjects: 0.331300 ms)

AssetImportParameters requested are different than current active one (requested -> active):
  custom:video-decoder-ogg-theora: a1e56fd34408186e4bbccfd4996cb3dc -> 
  custom:container-muxer-webm: aa71ff27fc2769a1b78a27578f13a17b -> 
  custom:container-demuxer-webm: 4f35f7cbe854078d1ac9338744f61a02 -> 
  custom:video-encoder-webm-vp8: eb34c28f22e8b96e1ab97ce403110664 -> 
  custom:audio-encoder-webm-vorbis: bf7c407c2cedff20999df2af8eb42d56 -> 
  custom:framework-win-MediaFoundation: 216162199b28c13a410421893ffa2e32 -> 
  custom:container-demuxer-ogg: 62fdf1f143b41e24485cea50d1cbac27 -> 
  custom:video-decoder-webm-vp8: 9c59270c3fd7afecdb556c50c9e8de78 -> 
  custom:audio-decoder-ogg-vorbis: bf7c407c2cedff20999df2af8eb42d56 -> 
========================================================================
Received Prepare
Registering precompiled user dll's ...
Registered in 0.008279 seconds.
Begin MonoManager ReloadAssembly
Symbol file LoadedFromMemory doesn't match image C:\Users\jt366\Music\FrostFire\My project (1)\Library\PackageCache\com.unity.visualscripting@1.7.8\Editor\VisualScripting.Core\Dependencies\YamlDotNet\Unity.VisualScripting.YamlDotNet.dll
Symbol file LoadedFromMemory doesn't match image C:\Users\jt366\Music\FrostFire\My project (1)\Library\PackageCache\com.unity.visualscripting@1.7.8\Editor\VisualScripting.Core\Dependencies\DotNetZip\Unity.VisualScripting.IonicZip.dll
Native extension for WindowsStandalone target not found
Refreshing native plugins compatible for Editor in 1.20 ms, found 3 plugins.
Preloading 0 native plugins for Editor in 0.00 ms.
Mono: successfully reloaded assembly
- Completed reload, in  1.111 seconds
Domain Reload Profiling:
	ReloadAssembly (1112ms)
		BeginReloadAssembly (117ms)
			ExecutionOrderSort (0ms)
			DisableScriptedObjects (4ms)
			BackupInstance (0ms)
			ReleaseScriptingObjects (0ms)
			CreateAndSetChildDomain (38ms)
		EndReloadAssembly (908ms)
			LoadAssemblies (77ms)
			RebuildTransferFunctionScriptingTraits (0ms)
			SetupTypeCache (233ms)
			ReleaseScriptCaches (2ms)
			RebuildScriptCaches (46ms)
			SetupLoadedEditorAssemblies (484ms)
				LogAssemblyErrors (0ms)
				InitializePlatformSupportModulesInManaged (12ms)
				SetLoadedEditorAssemblies (0ms)
				RefreshPlugins (1ms)
				BeforeProcessingInitializeOnLoad (82ms)
				ProcessInitializeOnLoadAttributes (295ms)
				ProcessInitializeOnLoadMethodAttributes (84ms)
				AfterProcessingInitializeOnLoad (10ms)
				EditorAssembliesLoaded (0ms)
			ExecutionOrderSort2 (0ms)
			AwakeInstancesAfterBackupRestoration (14ms)
Platform modules already initialized, skipping
Refreshing native plugins compatible for Editor in 2.85 ms, found 3 plugins.
Preloading 0 native plugins for Editor in 0.00 ms.
Unloading 5434 Unused Serialized files (Serialized files now loaded: 0)
Unloading 30 unused Assets / (0.7 MB). Loaded Objects now: 6153.
Memory consumption went from 215.2 MB to 214.5 MB.
Total: 5.164600 ms (FindLiveObjects: 0.641500 ms CreateObjectMapping: 0.655000 ms MarkObjects: 3.485800 ms  DeleteObjects: 0.381500 ms)

AssetImportParameters requested are different than current active one (requested -> active):
  custom:video-decoder-ogg-theora: a1e56fd34408186e4bbccfd4996cb3dc -> 
  custom:container-muxer-webm: aa71ff27fc2769a1b78a27578f13a17b -> 
  custom:container-demuxer-webm: 4f35f7cbe854078d1ac9338744f61a02 -> 
  custom:video-encoder-webm-vp8: eb34c28f22e8b96e1ab97ce403110664 -> 
  custom:audio-encoder-webm-vorbis: bf7c407c2cedff20999df2af8eb42d56 -> 
  custom:framework-win-MediaFoundation: 216162199b28c13a410421893ffa2e32 -> 
  custom:container-demuxer-ogg: 62fdf1f143b41e24485cea50d1cbac27 -> 
  custom:video-decoder-webm-vp8: 9c59270c3fd7afecdb556c50c9e8de78 -> 
  custom:audio-decoder-ogg-vorbis: bf7c407c2cedff20999df2af8eb42d56 -> 
========================================================================
Received Import Request.
  Time since last request: 171.742580 seconds.
  path: Assets/Materials/Gun.mat
  artifactKey: Guid(d900a7a1ee6abcd4388eef712add8b78) Importer(815301076,1909f56bfc062723c751e8b465ee728b)
Start importing Assets/Materials/Gun.mat using Guid(d900a7a1ee6abcd4388eef712add8b78) Importer(815301076,1909f56bfc062723c751e8b465ee728b)  -> (artifact id: '6ae034da7ffcb8bc0f9d0ce222a9d552') in 0.196614 seconds 
========================================================================
Received Prepare
Registering precompiled user dll's ...
Registered in 0.007291 seconds.
Begin MonoManager ReloadAssembly
Symbol file LoadedFromMemory doesn't match image C:\Users\jt366\Music\FrostFire\My project (1)\Library\PackageCache\com.unity.visualscripting@1.7.8\Editor\VisualScripting.Core\Dependencies\YamlDotNet\Unity.VisualScripting.YamlDotNet.dll
Symbol file LoadedFromMemory doesn't match image C:\Users\jt366\Music\FrostFire\My project (1)\Library\PackageCache\com.unity.visualscripting@1.7.8\Editor\VisualScripting.Core\Dependencies\DotNetZip\Unity.VisualScripting.IonicZip.dll
Native extension for WindowsStandalone target not found
Refreshing native plugins compatible for Editor in 1.05 ms, found 3 plugins.
Preloading 0 native plugins for Editor in 0.00 ms.
Mono: successfully reloaded assembly
- Completed reload, in  1.109 seconds
Domain Reload Profiling:
	ReloadAssembly (1109ms)
		BeginReloadAssembly (140ms)
			ExecutionOrderSort (0ms)
			DisableScriptedObjects (6ms)
			BackupInstance (0ms)
			ReleaseScriptingObjects (0ms)
			CreateAndSetChildDomain (48ms)
		EndReloadAssembly (866ms)
			LoadAssemblies (88ms)
			RebuildTransferFunctionScriptingTraits (0ms)
			SetupTypeCache (240ms)
			ReleaseScriptCaches (2ms)
			RebuildScriptCaches (38ms)
			SetupLoadedEditorAssemblies (428ms)
				LogAssemblyErrors (0ms)
				InitializePlatformSupportModulesInManaged (11ms)
				SetLoadedEditorAssemblies (0ms)
				RefreshPlugins (1ms)
				BeforeProcessingInitializeOnLoad (72ms)
				ProcessInitializeOnLoadAttributes (266ms)
				ProcessInitializeOnLoadMethodAttributes (70ms)
				AfterProcessingInitializeOnLoad (7ms)
				EditorAssembliesLoaded (0ms)
			ExecutionOrderSort2 (0ms)
			AwakeInstancesAfterBackupRestoration (18ms)
Platform modules already initialized, skipping
Refreshing native plugins compatible for Editor in 2.65 ms, found 3 plugins.
Preloading 0 native plugins for Editor in 0.00 ms.
Unloading 5441 Unused Serialized files (Serialized files now loaded: 0)
Unloading 30 unused Assets / (0.7 MB). Loaded Objects now: 6255.
Memory consumption went from 218.4 MB to 217.7 MB.
Total: 3.748800 ms (FindLiveObjects: 0.424900 ms CreateObjectMapping: 0.164500 ms MarkObjects: 2.851700 ms  DeleteObjects: 0.307000 ms)

AssetImportParameters requested are different than current active one (requested -> active):
  custom:video-decoder-ogg-theora: a1e56fd34408186e4bbccfd4996cb3dc -> 
  custom:container-muxer-webm: aa71ff27fc2769a1b78a27578f13a17b -> 
  custom:container-demuxer-webm: 4f35f7cbe854078d1ac9338744f61a02 -> 
  custom:video-encoder-webm-vp8: eb34c28f22e8b96e1ab97ce403110664 -> 
  custom:audio-encoder-webm-vorbis: bf7c407c2cedff20999df2af8eb42d56 -> 
  custom:framework-win-MediaFoundation: 216162199b28c13a410421893ffa2e32 -> 
  custom:container-demuxer-ogg: 62fdf1f143b41e24485cea50d1cbac27 -> 
  custom:video-decoder-webm-vp8: 9c59270c3fd7afecdb556c50c9e8de78 -> 
  custom:audio-decoder-ogg-vorbis: bf7c407c2cedff20999df2af8eb42d56 -> 
========================================================================
Received Prepare
Registering precompiled user dll's ...
Registered in 0.007761 seconds.
Begin MonoManager ReloadAssembly
Symbol file LoadedFromMemory doesn't match image C:\Users\jt366\Music\FrostFire\My project (1)\Library\PackageCache\com.unity.visualscripting@1.7.8\Editor\VisualScripting.Core\Dependencies\YamlDotNet\Unity.VisualScripting.YamlDotNet.dll
Symbol file LoadedFromMemory doesn't match image C:\Users\jt366\Music\FrostFire\My project (1)\Library\PackageCache\com.unity.visualscripting@1.7.8\Editor\VisualScripting.Core\Dependencies\DotNetZip\Unity.VisualScripting.IonicZip.dll
Native extension for WindowsStandalone target not found
Refreshing native plugins compatible for Editor in 1.01 ms, found 3 plugins.
Preloading 0 native plugins for Editor in 0.00 ms.
Mono: successfully reloaded assembly
- Completed reload, in  1.022 seconds
Domain Reload Profiling:
	ReloadAssembly (1023ms)
		BeginReloadAssembly (124ms)
			ExecutionOrderSort (0ms)
			DisableScriptedObjects (4ms)
			BackupInstance (0ms)
			ReleaseScriptingObjects (0ms)
			CreateAndSetChildDomain (37ms)
		EndReloadAssembly (804ms)
			LoadAssemblies (85ms)
			RebuildTransferFunctionScriptingTraits (0ms)
			SetupTypeCache (219ms)
			ReleaseScriptCaches (2ms)
			RebuildScriptCaches (36ms)
			SetupLoadedEditorAssemblies (402ms)
				LogAssemblyErrors (0ms)
				InitializePlatformSupportModulesInManaged (15ms)
				SetLoadedEditorAssemblies (0ms)
				RefreshPlugins (1ms)
				BeforeProcessingInitializeOnLoad (69ms)
				ProcessInitializeOnLoadAttributes (243ms)
				ProcessInitializeOnLoadMethodAttributes (67ms)
				AfterProcessingInitializeOnLoad (7ms)
				EditorAssembliesLoaded (0ms)
			ExecutionOrderSort2 (0ms)
			AwakeInstancesAfterBackupRestoration (15ms)
Platform modules already initialized, skipping
Refreshing native plugins compatible for Editor in 2.39 ms, found 3 plugins.
Preloading 0 native plugins for Editor in 0.00 ms.
Unloading 5442 Unused Serialized files (Serialized files now loaded: 0)
Unloading 30 unused Assets / (0.7 MB). Loaded Objects now: 6270.
Memory consumption went from 218.5 MB to 217.8 MB.
Total: 4.081500 ms (FindLiveObjects: 0.508200 ms CreateObjectMapping: 0.169100 ms MarkObjects: 3.056000 ms  DeleteObjects: 0.347300 ms)

AssetImportParameters requested are different than current active one (requested -> active):
  custom:video-decoder-ogg-theora: a1e56fd34408186e4bbccfd4996cb3dc -> 
  custom:container-muxer-webm: aa71ff27fc2769a1b78a27578f13a17b -> 
  custom:container-demuxer-webm: 4f35f7cbe854078d1ac9338744f61a02 -> 
  custom:video-encoder-webm-vp8: eb34c28f22e8b96e1ab97ce403110664 -> 
  custom:audio-encoder-webm-vorbis: bf7c407c2cedff20999df2af8eb42d56 -> 
  custom:framework-win-MediaFoundation: 216162199b28c13a410421893ffa2e32 -> 
  custom:container-demuxer-ogg: 62fdf1f143b41e24485cea50d1cbac27 -> 
  custom:video-decoder-webm-vp8: 9c59270c3fd7afecdb556c50c9e8de78 -> 
  custom:audio-decoder-ogg-vorbis: bf7c407c2cedff20999df2af8eb42d56 -> 
========================================================================
Received Prepare
Registering precompiled user dll's ...
Registered in 0.006609 seconds.
Begin MonoManager ReloadAssembly
Symbol file LoadedFromMemory doesn't match image C:\Users\jt366\Music\FrostFire\My project (1)\Library\PackageCache\com.unity.visualscripting@1.7.8\Editor\VisualScripting.Core\Dependencies\YamlDotNet\Unity.VisualScripting.YamlDotNet.dll
Symbol file LoadedFromMemory doesn't match image C:\Users\jt366\Music\FrostFire\My project (1)\Library\PackageCache\com.unity.visualscripting@1.7.8\Editor\VisualScripting.Core\Dependencies\DotNetZip\Unity.VisualScripting.IonicZip.dll
Native extension for WindowsStandalone target not found
Refreshing native plugins compatible for Editor in 1.00 ms, found 3 plugins.
Preloading 0 native plugins for Editor in 0.00 ms.
Mono: successfully reloaded assembly
- Completed reload, in  1.041 seconds
Domain Reload Profiling:
	ReloadAssembly (1042ms)
		BeginReloadAssembly (134ms)
			ExecutionOrderSort (0ms)
			DisableScriptedObjects (4ms)
			BackupInstance (0ms)
			ReleaseScriptingObjects (0ms)
			CreateAndSetChildDomain (49ms)
		EndReloadAssembly (813ms)
			LoadAssemblies (83ms)
			RebuildTransferFunctionScriptingTraits (0ms)
			SetupTypeCache (226ms)
			ReleaseScriptCaches (2ms)
			RebuildScriptCaches (36ms)
			SetupLoadedEditorAssemblies (405ms)
				LogAssemblyErrors (0ms)
				InitializePlatformSupportModulesInManaged (11ms)
				SetLoadedEditorAssemblies (0ms)
				RefreshPlugins (1ms)
				BeforeProcessingInitializeOnLoad (68ms)
				ProcessInitializeOnLoadAttributes (248ms)
				ProcessInitializeOnLoadMethodAttributes (69ms)
				AfterProcessingInitializeOnLoad (7ms)
				EditorAssembliesLoaded (0ms)
			ExecutionOrderSort2 (0ms)
			AwakeInstancesAfterBackupRestoration (15ms)
Platform modules already initialized, skipping
Refreshing native plugins compatible for Editor in 2.48 ms, found 3 plugins.
Preloading 0 native plugins for Editor in 0.00 ms.
Unloading 5442 Unused Serialized files (Serialized files now loaded: 0)
Unloading 30 unused Assets / (0.7 MB). Loaded Objects now: 6285.
Memory consumption went from 218.6 MB to 217.9 MB.
Total: 3.739800 ms (FindLiveObjects: 0.393900 ms CreateObjectMapping: 0.143900 ms MarkObjects: 2.856900 ms  DeleteObjects: 0.344400 ms)

AssetImportParameters requested are different than current active one (requested -> active):
  custom:video-decoder-ogg-theora: a1e56fd34408186e4bbccfd4996cb3dc -> 
  custom:container-muxer-webm: aa71ff27fc2769a1b78a27578f13a17b -> 
  custom:container-demuxer-webm: 4f35f7cbe854078d1ac9338744f61a02 -> 
  custom:video-encoder-webm-vp8: eb34c28f22e8b96e1ab97ce403110664 -> 
  custom:audio-encoder-webm-vorbis: bf7c407c2cedff20999df2af8eb42d56 -> 
  custom:framework-win-MediaFoundation: 216162199b28c13a410421893ffa2e32 -> 
  custom:container-demuxer-ogg: 62fdf1f143b41e24485cea50d1cbac27 -> 
  custom:video-decoder-webm-vp8: 9c59270c3fd7afecdb556c50c9e8de78 -> 
  custom:audio-decoder-ogg-vorbis: bf7c407c2cedff20999df2af8eb42d56 -> 
========================================================================
Received Import Request.
  Time since last request: 511.106536 seconds.
  path: Assets/Rectiles/crosshair066.png
  artifactKey: Guid(82db6d567b74eaa42baa0e40703dac13) Importer(815301076,1909f56bfc062723c751e8b465ee728b)
Start importing Assets/Rectiles/crosshair066.png using Guid(82db6d567b74eaa42baa0e40703dac13) Importer(815301076,1909f56bfc062723c751e8b465ee728b)  -> (artifact id: 'cb32766e010a33c6fc8473e20bcbc79b') in 0.056634 seconds 
========================================================================
Received Import Request.
  Time since last request: 0.000043 seconds.
  path: Assets/Rectiles/crosshair075.png
  artifactKey: Guid(63e5b991cbd777441a1d47b1fe140d04) Importer(815301076,1909f56bfc062723c751e8b465ee728b)
Start importing Assets/Rectiles/crosshair075.png using Guid(63e5b991cbd777441a1d47b1fe140d04) Importer(815301076,1909f56bfc062723c751e8b465ee728b)  -> (artifact id: '73838bb07910ffd491913cd3ad0dde4a') in 0.017092 seconds 
========================================================================
Received Import Request.
  Time since last request: 0.000035 seconds.
  path: Assets/Rectiles/crosshair074.png
  artifactKey: Guid(8a91cda4e9f63224f8ae78743a1d83de) Importer(815301076,1909f56bfc062723c751e8b465ee728b)
Start importing Assets/Rectiles/crosshair074.png using Guid(8a91cda4e9f63224f8ae78743a1d83de) Importer(815301076,1909f56bfc062723c751e8b465ee728b)  -> (artifact id: 'b4625ab219b6eeb8e00f0c17f82c505b') in 0.017787 seconds 
========================================================================
Received Import Request.
  Time since last request: 0.000033 seconds.
  path: Assets/Rectiles/crosshair076.png
  artifactKey: Guid(844de61358ea70343982424a1c58a75f) Importer(815301076,1909f56bfc062723c751e8b465ee728b)
Start importing Assets/Rectiles/crosshair076.png using Guid(844de61358ea70343982424a1c58a75f) Importer(815301076,1909f56bfc062723c751e8b465ee728b)  -> (artifact id: '030174a5de9cebe82ab06a14d112df84') in 0.015878 seconds 
========================================================================
Received Import Request.
  Time since last request: 0.000034 seconds.
  path: Assets/Rectiles/crosshair073.png
  artifactKey: Guid(a36ab5b63a120814e8a991d4afb65b2c) Importer(815301076,1909f56bfc062723c751e8b465ee728b)
Start importing Assets/Rectiles/crosshair073.png using Guid(a36ab5b63a120814e8a991d4afb65b2c) Importer(815301076,1909f56bfc062723c751e8b465ee728b)  -> (artifact id: 'e33bbde9eee167845c44461320cd2119') in 0.016629 seconds 
========================================================================
Received Import Request.
  Time since last request: 0.000034 seconds.
  path: Assets/Rectiles/crosshair071.png
  artifactKey: Guid(71fb6e06b0bd6c144b3250eec6d67ef6) Importer(815301076,1909f56bfc062723c751e8b465ee728b)
Start importing Assets/Rectiles/crosshair071.png using Guid(71fb6e06b0bd6c144b3250eec6d67ef6) Importer(815301076,1909f56bfc062723c751e8b465ee728b)  -> (artifact id: 'bf5a9056a727f82bb4328dda6f1b98e1') in 0.016324 seconds 
========================================================================
Received Import Request.
  Time since last request: 0.056968 seconds.
  path: Assets/Rectiles/crosshair078.png
  artifactKey: Guid(962712d7f3d7e7f4b8eec03e5a0b220e) Importer(815301076,1909f56bfc062723c751e8b465ee728b)
Start importing Assets/Rectiles/crosshair078.png using Guid(962712d7f3d7e7f4b8eec03e5a0b220e) Importer(815301076,1909f56bfc062723c751e8b465ee728b)  -> (artifact id: '6fb589cf913788c0553cd764eaf6d2d2') in 0.015282 seconds 
========================================================================
Received Import Request.
  Time since last request: 0.000026 seconds.
  path: Assets/Rectiles/crosshair081.png
  artifactKey: Guid(0bfd570217907f344b3e87803bd9cced) Importer(815301076,1909f56bfc062723c751e8b465ee728b)
Start importing Assets/Rectiles/crosshair081.png using Guid(0bfd570217907f344b3e87803bd9cced) Importer(815301076,1909f56bfc062723c751e8b465ee728b)  -> (artifact id: '4b58dca3e93be6ec8568f16db6ca4ab2') in 0.016706 seconds 
========================================================================
Received Import Request.
  Time since last request: 0.000027 seconds.
  path: Assets/Rectiles/crosshair092.png
  artifactKey: Guid(486975377a0632d4a805e90ad4d37b7b) Importer(815301076,1909f56bfc062723c751e8b465ee728b)
Start importing Assets/Rectiles/crosshair092.png using Guid(486975377a0632d4a805e90ad4d37b7b) Importer(815301076,1909f56bfc062723c751e8b465ee728b)  -> (artifact id: '47b28c3a5d578b6cb3ae08b62d213b92') in 0.016094 seconds 
========================================================================
Received Import Request.
  Time since last request: 0.000023 seconds.
  path: Assets/Rectiles/crosshair090.png
  artifactKey: Guid(71559f362ad2e9242bd714c8aedf0a93) Importer(815301076,1909f56bfc062723c751e8b465ee728b)
Start importing Assets/Rectiles/crosshair090.png using Guid(71559f362ad2e9242bd714c8aedf0a93) Importer(815301076,1909f56bfc062723c751e8b465ee728b)  -> (artifact id: '02f95911db1bdbc224f113ce15ed312a') in 0.013330 seconds 
========================================================================
Received Import Request.
  Time since last request: 0.000039 seconds.
  path: Assets/Rectiles/crosshair087.png
  artifactKey: Guid(6a3af552d63532343b0ca854b3509f7e) Importer(815301076,1909f56bfc062723c751e8b465ee728b)
Start importing Assets/Rectiles/crosshair087.png using Guid(6a3af552d63532343b0ca854b3509f7e) Importer(815301076,1909f56bfc062723c751e8b465ee728b)  -> (artifact id: 'f1abfdbb48462da50747172fb853f2d3') in 0.017469 seconds 
========================================================================
Received Import Request.
  Time since last request: 0.000029 seconds.
  path: Assets/Rectiles/crosshair093.png
  artifactKey: Guid(7ab77b71a08250541a0727e8e88876cf) Importer(815301076,1909f56bfc062723c751e8b465ee728b)
Start importing Assets/Rectiles/crosshair093.png using Guid(7ab77b71a08250541a0727e8e88876cf) Importer(815301076,1909f56bfc062723c751e8b465ee728b)  -> (artifact id: '6a13b97eabd964dc9838b63cddab3e78') in 0.015691 seconds 
========================================================================
Received Import Request.
  Time since last request: 0.000034 seconds.
  path: Assets/Rectiles/crosshair083.png
  artifactKey: Guid(f9f6543e710f31d4c9344a6e6e9380bb) Importer(815301076,1909f56bfc062723c751e8b465ee728b)
Start importing Assets/Rectiles/crosshair083.png using Guid(f9f6543e710f31d4c9344a6e6e9380bb) Importer(815301076,1909f56bfc062723c751e8b465ee728b)  -> (artifact id: '71cda0764bb1f824b72133542ad4bfa4') in 0.015588 seconds 
========================================================================
Received Import Request.
  Time since last request: 0.000030 seconds.
  path: Assets/Rectiles/crosshair085.png
  artifactKey: Guid(a12f0fd7263fbf340a48c97f72e8d364) Importer(815301076,1909f56bfc062723c751e8b465ee728b)
Start importing Assets/Rectiles/crosshair085.png using Guid(a12f0fd7263fbf340a48c97f72e8d364) Importer(815301076,1909f56bfc062723c751e8b465ee728b)  -> (artifact id: 'f62caf94600294da1dace7039fac0128') in 0.014952 seconds 
========================================================================
Received Import Request.
  Time since last request: 0.000027 seconds.
  path: Assets/Rectiles/crosshair088.png
  artifactKey: Guid(b4f92bcec2ffd77418aae88b5593349f) Importer(815301076,1909f56bfc062723c751e8b465ee728b)
Start importing Assets/Rectiles/crosshair088.png using Guid(b4f92bcec2ffd77418aae88b5593349f) Importer(815301076,1909f56bfc062723c751e8b465ee728b)  -> (artifact id: '302cfb2bda73b0029a5d0ebb782336ab') in 0.015705 seconds 
========================================================================
Received Import Request.
  Time since last request: 0.000026 seconds.
  path: Assets/Rectiles/crosshair089.png
  artifactKey: Guid(accf7c70ce005254ea30a76b1c2777b5) Importer(815301076,1909f56bfc062723c751e8b465ee728b)
Start importing Assets/Rectiles/crosshair089.png using Guid(accf7c70ce005254ea30a76b1c2777b5) Importer(815301076,1909f56bfc062723c751e8b465ee728b)  -> (artifact id: '3b2963d63249d2cca8dc73232a3ad7d5') in 0.015264 seconds 
========================================================================
Received Import Request.
  Time since last request: 0.000053 seconds.
  path: Assets/Rectiles/crosshair098.png
  artifactKey: Guid(92fc540882be13142b8b675ab9b20e66) Importer(815301076,1909f56bfc062723c751e8b465ee728b)
Start importing Assets/Rectiles/crosshair098.png using Guid(92fc540882be13142b8b675ab9b20e66) Importer(815301076,1909f56bfc062723c751e8b465ee728b)  -> (artifact id: '73af8ce040f1d04bf99aacfa37ff0563') in 0.016337 seconds 
========================================================================
Received Import Request.
  Time since last request: 0.000034 seconds.
  path: Assets/Rectiles/crosshair105.png
  artifactKey: Guid(7b18b3a37fb778d4eb59417293caad4b) Importer(815301076,1909f56bfc062723c751e8b465ee728b)
Start importing Assets/Rectiles/crosshair105.png using Guid(7b18b3a37fb778d4eb59417293caad4b) Importer(815301076,1909f56bfc062723c751e8b465ee728b)  -> (artifact id: 'acb26f6293cdf27088b53cadd3005658') in 0.016330 seconds 
========================================================================
Received Import Request.
  Time since last request: 0.000026 seconds.
  path: Assets/Rectiles/crosshair107.png
  artifactKey: Guid(a1c337b842b2ea64d820d82d02138c8c) Importer(815301076,1909f56bfc062723c751e8b465ee728b)
Start importing Assets/Rectiles/crosshair107.png using Guid(a1c337b842b2ea64d820d82d02138c8c) Importer(815301076,1909f56bfc062723c751e8b465ee728b)  -> (artifact id: '84dce23e6f7879f934558a657b70abbe') in 0.017009 seconds 
========================================================================
Received Import Request.
  Time since last request: 0.000026 seconds.
  path: Assets/Rectiles/crosshair112.png
  artifactKey: Guid(f0c75a27d5f4b4141803dbe7cd15d17a) Importer(815301076,1909f56bfc062723c751e8b465ee728b)
Start importing Assets/Rectiles/crosshair112.png using Guid(f0c75a27d5f4b4141803dbe7cd15d17a) Importer(815301076,1909f56bfc062723c751e8b465ee728b)  -> (artifact id: 'ad7e5a90d8e136eff835bc931cd440c1') in 0.016001 seconds 
========================================================================
Received Import Request.
  Time since last request: 0.000029 seconds.
  path: Assets/Rectiles/crosshair118.png
  artifactKey: Guid(9840444eb5485a74daaf041c9da9cdd9) Importer(815301076,1909f56bfc062723c751e8b465ee728b)
Start importing Assets/Rectiles/crosshair118.png using Guid(9840444eb5485a74daaf041c9da9cdd9) Importer(815301076,1909f56bfc062723c751e8b465ee728b)  -> (artifact id: 'e81cc16fd4efd834f4acc24c23360615') in 0.016624 seconds 
========================================================================
Received Import Request.
  Time since last request: 0.000060 seconds.
  path: Assets/Rectiles/crosshair117.png
  artifactKey: Guid(48fbb0a863ba3a744bfb71e9b447e399) Importer(815301076,1909f56bfc062723c751e8b465ee728b)
Start importing Assets/Rectiles/crosshair117.png using Guid(48fbb0a863ba3a744bfb71e9b447e399) Importer(815301076,1909f56bfc062723c751e8b465ee728b)  -> (artifact id: 'f3a44b5bb200f462df2698dec079c905') in 0.018208 seconds 
========================================================================
Received Import Request.
  Time since last request: 0.000081 seconds.
  path: Assets/Rectiles/crosshair115.png
  artifactKey: Guid(d811ca9c1b0c44147ae4a652b9279504) Importer(815301076,1909f56bfc062723c751e8b465ee728b)
Start importing Assets/Rectiles/crosshair115.png using Guid(d811ca9c1b0c44147ae4a652b9279504) Importer(815301076,1909f56bfc062723c751e8b465ee728b)  -> (artifact id: 'fb88982786a72b70262ac91baa5e3d5e') in 0.015147 seconds 
========================================================================
Received Import Request.
  Time since last request: 0.000032 seconds.
  path: Assets/Rectiles/crosshair108.png
  artifactKey: Guid(b4a908ed523df6540a91f30121d3e01a) Importer(815301076,1909f56bfc062723c751e8b465ee728b)
Start importing Assets/Rectiles/crosshair108.png using Guid(b4a908ed523df6540a91f30121d3e01a) Importer(815301076,1909f56bfc062723c751e8b465ee728b)  -> (artifact id: '48f81b26e0e6a7d2ce990c89dc36375f') in 0.019757 seconds 
========================================================================
Received Import Request.
  Time since last request: 0.000029 seconds.
  path: Assets/Rectiles/crosshair110.png
  artifactKey: Guid(a4cd898cde3b39844b1fbf6343016b25) Importer(815301076,1909f56bfc062723c751e8b465ee728b)
Start importing Assets/Rectiles/crosshair110.png using Guid(a4cd898cde3b39844b1fbf6343016b25) Importer(815301076,1909f56bfc062723c751e8b465ee728b)  -> (artifact id: '2f96cf2943daf5ab5f4a6bd15e55b59b') in 0.016735 seconds 
========================================================================
Received Import Request.
  Time since last request: 0.000028 seconds.
  path: Assets/Rectiles/crosshair104.png
  artifactKey: Guid(945882428f622784c93c3ff81ca8a558) Importer(815301076,1909f56bfc062723c751e8b465ee728b)
Start importing Assets/Rectiles/crosshair104.png using Guid(945882428f622784c93c3ff81ca8a558) Importer(815301076,1909f56bfc062723c751e8b465ee728b)  -> (artifact id: 'f7349e557621cb7580f33fce53781a9d') in 0.014403 seconds 
========================================================================
Received Import Request.
  Time since last request: 0.000031 seconds.
  path: Assets/Rectiles/crosshair109.png
  artifactKey: Guid(4ac0ee400b3c2344bb53353c9a23e6cc) Importer(815301076,1909f56bfc062723c751e8b465ee728b)
Start importing Assets/Rectiles/crosshair109.png using Guid(4ac0ee400b3c2344bb53353c9a23e6cc) Importer(815301076,1909f56bfc062723c751e8b465ee728b)  -> (artifact id: '774dea8c4e3522daafec72386bdf4b39') in 0.015566 seconds 
========================================================================
Received Import Request.
  Time since last request: 0.000033 seconds.
  path: Assets/Rectiles/crosshair111.png
  artifactKey: Guid(186c6c05a6d003c4db0349bce804b30f) Importer(815301076,1909f56bfc062723c751e8b465ee728b)
Start importing Assets/Rectiles/crosshair111.png using Guid(186c6c05a6d003c4db0349bce804b30f) Importer(815301076,1909f56bfc062723c751e8b465ee728b)  -> (artifact id: '09a1f3bf2b18da3d75f93ff19b70c5e8') in 0.014928 seconds 
========================================================================
Received Import Request.
  Time since last request: 0.000042 seconds.
  path: Assets/Rectiles/crosshair133.png
  artifactKey: Guid(005e2866db01fcc41bcf7655a0636115) Importer(815301076,1909f56bfc062723c751e8b465ee728b)
Start importing Assets/Rectiles/crosshair133.png using Guid(005e2866db01fcc41bcf7655a0636115) Importer(815301076,1909f56bfc062723c751e8b465ee728b)  -> (artifact id: 'fa6e7ed4f80e5317079fbfbf676c2425') in 0.015969 seconds 
========================================================================
Received Import Request.
  Time since last request: 0.000029 seconds.
  path: Assets/Rectiles/crosshair137.png
  artifactKey: Guid(ab3059e1506fb5a459ed22c06a421f23) Importer(815301076,1909f56bfc062723c751e8b465ee728b)
Start importing Assets/Rectiles/crosshair137.png using Guid(ab3059e1506fb5a459ed22c06a421f23) Importer(815301076,1909f56bfc062723c751e8b465ee728b)  -> (artifact id: '0e7e51916e5fabf697f1a56be0ce8e20') in 0.016490 seconds 
========================================================================
Received Import Request.
  Time since last request: 0.000036 seconds.
  path: Assets/Rectiles/crosshair140.png
  artifactKey: Guid(038005c8061ff1143bfc05f9f351dd2e) Importer(815301076,1909f56bfc062723c751e8b465ee728b)
Start importing Assets/Rectiles/crosshair140.png using Guid(038005c8061ff1143bfc05f9f351dd2e) Importer(815301076,1909f56bfc062723c751e8b465ee728b)  -> (artifact id: '11cd5acc2cb4d485168751b19c338143') in 0.015816 seconds 
========================================================================
Received Import Request.
  Time since last request: 0.000035 seconds.
  path: Assets/Rectiles/crosshair130.png
  artifactKey: Guid(65ffa5743b790a84080206e4368bf142) Importer(815301076,1909f56bfc062723c751e8b465ee728b)
Start importing Assets/Rectiles/crosshair130.png using Guid(65ffa5743b790a84080206e4368bf142) Importer(815301076,1909f56bfc062723c751e8b465ee728b)  -> (artifact id: '26e30f8dc059c48648b3b9c89fdfffff') in 0.015863 seconds 
========================================================================
Received Import Request.
  Time since last request: 0.000032 seconds.
  path: Assets/Rectiles/crosshair129.png
  artifactKey: Guid(80002c8715b4792419b0fdb88b0fa6ed) Importer(815301076,1909f56bfc062723c751e8b465ee728b)
Start importing Assets/Rectiles/crosshair129.png using Guid(80002c8715b4792419b0fdb88b0fa6ed) Importer(815301076,1909f56bfc062723c751e8b465ee728b)  -> (artifact id: 'b8ea3335da863e8edf750d2f342f368e') in 0.014396 seconds 
========================================================================
Received Import Request.
  Time since last request: 0.000027 seconds.
  path: Assets/Rectiles/crosshair126.png
  artifactKey: Guid(6fe6e2b81c3f39a4abe1497f7e0b693f) Importer(815301076,1909f56bfc062723c751e8b465ee728b)
Start importing Assets/Rectiles/crosshair126.png using Guid(6fe6e2b81c3f39a4abe1497f7e0b693f) Importer(815301076,1909f56bfc062723c751e8b465ee728b)  -> (artifact id: '27d3efc97bee004d873803b59de61ec2') in 0.015165 seconds 
========================================================================
Received Import Request.
  Time since last request: 0.000030 seconds.
  path: Assets/Rectiles/crosshair139.png
  artifactKey: Guid(1ceed61113c9ee54bafb4dc95c64c54f) Importer(815301076,1909f56bfc062723c751e8b465ee728b)
Start importing Assets/Rectiles/crosshair139.png using Guid(1ceed61113c9ee54bafb4dc95c64c54f) Importer(815301076,1909f56bfc062723c751e8b465ee728b)  -> (artifact id: '0c4d0c0766e619cdf7a14955aa3b9a26') in 0.015565 seconds 
========================================================================
Received Import Request.
  Time since last request: 0.000043 seconds.
  path: Assets/Rectiles/crosshair125.png
  artifactKey: Guid(7aba4528c64baad4ebe276d6a8b212cf) Importer(815301076,1909f56bfc062723c751e8b465ee728b)
Start importing Assets/Rectiles/crosshair125.png using Guid(7aba4528c64baad4ebe276d6a8b212cf) Importer(815301076,1909f56bfc062723c751e8b465ee728b)  -> (artifact id: '84ce94491edbd8773724c1c91c12766f') in 0.016526 seconds 
========================================================================
Received Import Request.
  Time since last request: 0.000029 seconds.
  path: Assets/Rectiles/crosshair131.png
  artifactKey: Guid(fd4168db13bb8fc4db40015a495c16f2) Importer(815301076,1909f56bfc062723c751e8b465ee728b)
Start importing Assets/Rectiles/crosshair131.png using Guid(fd4168db13bb8fc4db40015a495c16f2) Importer(815301076,1909f56bfc062723c751e8b465ee728b)  -> (artifact id: '2f1807d12a5ac9199b3f51fb53feaab7') in 0.014687 seconds 
========================================================================
Received Import Request.
  Time since last request: 0.000033 seconds.
  path: Assets/Rectiles/crosshair138.png
  artifactKey: Guid(603bebc8107921b4e8c303d6656a7978) Importer(815301076,1909f56bfc062723c751e8b465ee728b)
Start importing Assets/Rectiles/crosshair138.png using Guid(603bebc8107921b4e8c303d6656a7978) Importer(815301076,1909f56bfc062723c751e8b465ee728b)  -> (artifact id: '2d3c22695f6f63d31d08d0a163cda8d9') in 0.015097 seconds 
========================================================================
Received Import Request.
  Time since last request: 0.000023 seconds.
  path: Assets/Rectiles/crosshair149.png
  artifactKey: Guid(58f8f806763b76447a84ef2f8035b1c8) Importer(815301076,1909f56bfc062723c751e8b465ee728b)
Start importing Assets/Rectiles/crosshair149.png using Guid(58f8f806763b76447a84ef2f8035b1c8) Importer(815301076,1909f56bfc062723c751e8b465ee728b)  -> (artifact id: 'eac6bc0d100cdaa21c59b13e86d95b3d') in 0.015808 seconds 
========================================================================
Received Import Request.
  Time since last request: 0.000027 seconds.
  path: Assets/Rectiles/crosshair153.png
  artifactKey: Guid(8cad21d665416df40b60f57d76e7b175) Importer(815301076,1909f56bfc062723c751e8b465ee728b)
Start importing Assets/Rectiles/crosshair153.png using Guid(8cad21d665416df40b60f57d76e7b175) Importer(815301076,1909f56bfc062723c751e8b465ee728b)  -> (artifact id: 'f099d303dfe86414b413d29835702b40') in 0.015905 seconds 
========================================================================
Received Import Request.
  Time since last request: 0.000029 seconds.
  path: Assets/Rectiles/crosshair160.png
  artifactKey: Guid(58a51163e0fdf8e4fb9118bbcf4399a6) Importer(815301076,1909f56bfc062723c751e8b465ee728b)
Start importing Assets/Rectiles/crosshair160.png using Guid(58a51163e0fdf8e4fb9118bbcf4399a6) Importer(815301076,1909f56bfc062723c751e8b465ee728b)  -> (artifact id: '40c75341d8470210882a2b0aee9e4d2c') in 0.014051 seconds 
========================================================================
Received Import Request.
  Time since last request: 0.000031 seconds.
  path: Assets/Rectiles/crosshair151.png
  artifactKey: Guid(d8a5787230926924da877d8f41546afb) Importer(815301076,1909f56bfc062723c751e8b465ee728b)
Start importing Assets/Rectiles/crosshair151.png using Guid(d8a5787230926924da877d8f41546afb) Importer(815301076,1909f56bfc062723c751e8b465ee728b)  -> (artifact id: 'c8ccfdf4abc757b9c9a3a8b345ef2753') in 0.015893 seconds 
========================================================================
Received Import Request.
  Time since last request: 0.000031 seconds.
  path: Assets/Rectiles/crosshair161.png
  artifactKey: Guid(3b790c785231c364cabb51a80b7c2f59) Importer(815301076,1909f56bfc062723c751e8b465ee728b)
Start importing Assets/Rectiles/crosshair161.png using Guid(3b790c785231c364cabb51a80b7c2f59) Importer(815301076,1909f56bfc062723c751e8b465ee728b)  -> (artifact id: 'a51efb5247ac7f0bab0166ce9ada3b0d') in 0.017482 seconds 
========================================================================
Received Import Request.
  Time since last request: 0.000061 seconds.
  path: Assets/Rectiles/crosshair147.png
  artifactKey: Guid(9c50fd7781b536a41b4670186e6e83f0) Importer(815301076,1909f56bfc062723c751e8b465ee728b)
Start importing Assets/Rectiles/crosshair147.png using Guid(9c50fd7781b536a41b4670186e6e83f0) Importer(815301076,1909f56bfc062723c751e8b465ee728b)  -> (artifact id: 'd7d119fc4dd09a951924f0c7f7bdd484') in 0.015878 seconds 
========================================================================
Received Import Request.
  Time since last request: 0.000029 seconds.
  path: Assets/Rectiles/crosshair143.png
  artifactKey: Guid(796c889b3d958d9469898190b773b187) Importer(815301076,1909f56bfc062723c751e8b465ee728b)
Start importing Assets/Rectiles/crosshair143.png using Guid(796c889b3d958d9469898190b773b187) Importer(815301076,1909f56bfc062723c751e8b465ee728b)  -> (artifact id: '933b2752e6a9df9c9f100f091a9d4209') in 0.014563 seconds 
========================================================================
Received Import Request.
  Time since last request: 0.000026 seconds.
  path: Assets/Rectiles/crosshair142.png
  artifactKey: Guid(4032809d09dc2f84e9da3c734dafb9cf) Importer(815301076,1909f56bfc062723c751e8b465ee728b)
Start importing Assets/Rectiles/crosshair142.png using Guid(4032809d09dc2f84e9da3c734dafb9cf) Importer(815301076,1909f56bfc062723c751e8b465ee728b)  -> (artifact id: '17a38eaa6632520b50426b9a7d79745b') in 0.018953 seconds 
========================================================================
Received Import Request.
  Time since last request: 0.000051 seconds.
  path: Assets/Rectiles/crosshair157.png
  artifactKey: Guid(29b56cc9dd8da964bacae49674b816a9) Importer(815301076,1909f56bfc062723c751e8b465ee728b)
Start importing Assets/Rectiles/crosshair157.png using Guid(29b56cc9dd8da964bacae49674b816a9) Importer(815301076,1909f56bfc062723c751e8b465ee728b)  -> (artifact id: '7a8a440a4e84e53b70fcb5754a399a44') in 0.016890 seconds 
========================================================================
Received Import Request.
  Time since last request: 0.000038 seconds.
  path: Assets/Rectiles/crosshair156.png
  artifactKey: Guid(ed5366c20676bbf4cbe07696600c86e1) Importer(815301076,1909f56bfc062723c751e8b465ee728b)
Start importing Assets/Rectiles/crosshair156.png using Guid(ed5366c20676bbf4cbe07696600c86e1) Importer(815301076,1909f56bfc062723c751e8b465ee728b)  -> (artifact id: '2530a8881bdd587ff55f3ed54e650ca4') in 0.016355 seconds 
========================================================================
Received Import Request.
  Time since last request: 0.000035 seconds.
  path: Assets/Rectiles/crosshair165.png
  artifactKey: Guid(336d244446386f84d9dc1817e6477607) Importer(815301076,1909f56bfc062723c751e8b465ee728b)
Start importing Assets/Rectiles/crosshair165.png using Guid(336d244446386f84d9dc1817e6477607) Importer(815301076,1909f56bfc062723c751e8b465ee728b)  -> (artifact id: '243224d8573228eec33f7e5048d9d2d4') in 0.015304 seconds 
========================================================================
Received Import Request.
  Time since last request: 0.000082 seconds.
  path: Assets/Rectiles/crosshair172.png
  artifactKey: Guid(19375874a67de1e42b3fba84a7f486b4) Importer(815301076,1909f56bfc062723c751e8b465ee728b)
Start importing Assets/Rectiles/crosshair172.png using Guid(19375874a67de1e42b3fba84a7f486b4) Importer(815301076,1909f56bfc062723c751e8b465ee728b)  -> (artifact id: '997dfc696d4e30ca7bfa11063eefbbac') in 0.016141 seconds 
========================================================================
Received Import Request.
  Time since last request: 0.000025 seconds.
  path: Assets/Rectiles/crosshair163.png
  artifactKey: Guid(dccae6cbdbdeba749af7f1fbff77d82f) Importer(815301076,1909f56bfc062723c751e8b465ee728b)
Start importing Assets/Rectiles/crosshair163.png using Guid(dccae6cbdbdeba749af7f1fbff77d82f) Importer(815301076,1909f56bfc062723c751e8b465ee728b)  -> (artifact id: 'b40f03d30694c222f7a343adc11c42a9') in 0.016894 seconds 
========================================================================
Received Import Request.
  Time since last request: 0.000035 seconds.
  path: Assets/Rectiles/crosshair176.png
  artifactKey: Guid(f4f11df2609c748418c7e078c0c50e5d) Importer(815301076,1909f56bfc062723c751e8b465ee728b)
Start importing Assets/Rectiles/crosshair176.png using Guid(f4f11df2609c748418c7e078c0c50e5d) Importer(815301076,1909f56bfc062723c751e8b465ee728b)  -> (artifact id: '0b81dfe5d31b99b194f6ba8ef6a262ad') in 0.015529 seconds 
========================================================================
Received Import Request.
  Time since last request: 0.000033 seconds.
  path: Assets/Rectiles/crosshair177.png
  artifactKey: Guid(f37e3e3759004a54eafe36d784a63fcd) Importer(815301076,1909f56bfc062723c751e8b465ee728b)
Start importing Assets/Rectiles/crosshair177.png using Guid(f37e3e3759004a54eafe36d784a63fcd) Importer(815301076,1909f56bfc062723c751e8b465ee728b)  -> (artifact id: '31c97b4173ef1f4a2e8eb20f474fb0b9') in 0.015428 seconds 
========================================================================
Received Import Request.
  Time since last request: 0.000036 seconds.
  path: Assets/Rectiles/crosshair178.png
  artifactKey: Guid(59645e3419691f24f86ad008e5d18ebb) Importer(815301076,1909f56bfc062723c751e8b465ee728b)
Start importing Assets/Rectiles/crosshair178.png using Guid(59645e3419691f24f86ad008e5d18ebb) Importer(815301076,1909f56bfc062723c751e8b465ee728b)  -> (artifact id: '2995c2474c56202890c915024cd773cb') in 0.015551 seconds 
========================================================================
Received Import Request.
  Time since last request: 0.000027 seconds.
  path: Assets/Rectiles/crosshair171.png
  artifactKey: Guid(766ed93c4ae8b8844abd3ae680be5602) Importer(815301076,1909f56bfc062723c751e8b465ee728b)
Start importing Assets/Rectiles/crosshair171.png using Guid(766ed93c4ae8b8844abd3ae680be5602) Importer(815301076,1909f56bfc062723c751e8b465ee728b)  -> (artifact id: 'f4c12e30a2a9a5d0b84193e68cf210d5') in 0.016610 seconds 
========================================================================
Received Import Request.
  Time since last request: 0.000030 seconds.
  path: Assets/Rectiles/crosshair174.png
  artifactKey: Guid(a66dcb660d7586a4586fffbff253af22) Importer(815301076,1909f56bfc062723c751e8b465ee728b)
Start importing Assets/Rectiles/crosshair174.png using Guid(a66dcb660d7586a4586fffbff253af22) Importer(815301076,1909f56bfc062723c751e8b465ee728b)  -> (artifact id: 'b553314ebac9c3be24818d9d7acc2d49') in 0.015041 seconds 
========================================================================
Received Import Request.
  Time since last request: 0.000025 seconds.
  path: Assets/Rectiles/crosshair167.png
  artifactKey: Guid(bc134f764b838f24cbb02b32b3f6e85f) Importer(815301076,1909f56bfc062723c751e8b465ee728b)
Start importing Assets/Rectiles/crosshair167.png using Guid(bc134f764b838f24cbb02b32b3f6e85f) Importer(815301076,1909f56bfc062723c751e8b465ee728b)  -> (artifact id: 'c12a932a48154f4b13c0ec95c22356be') in 0.015269 seconds 
========================================================================
Received Import Request.
  Time since last request: 0.000029 seconds.
  path: Assets/Rectiles/crosshair182.png
  artifactKey: Guid(2e5fe78d962973b43b5ba30ea4499d00) Importer(815301076,1909f56bfc062723c751e8b465ee728b)
Start importing Assets/Rectiles/crosshair182.png using Guid(2e5fe78d962973b43b5ba30ea4499d00) Importer(815301076,1909f56bfc062723c751e8b465ee728b)  -> (artifact id: '66cbd52b99e97bbf9ec75ec4178a6697') in 0.015002 seconds 
========================================================================
Received Import Request.
  Time since last request: 0.000045 seconds.
  path: Assets/Rectiles/crosshair183.png
  artifactKey: Guid(df606487e0cd29c44876cd92862efa94) Importer(815301076,1909f56bfc062723c751e8b465ee728b)
Start importing Assets/Rectiles/crosshair183.png using Guid(df606487e0cd29c44876cd92862efa94) Importer(815301076,1909f56bfc062723c751e8b465ee728b)  -> (artifact id: '0ed92524e39e38f3c42c7bd5e2e64f96') in 0.015210 seconds 
========================================================================
Received Import Request.
  Time since last request: 0.000030 seconds.
  path: Assets/Rectiles/crosshair192.png
  artifactKey: Guid(604a234dc98cf974bad8a4a57a82cedb) Importer(815301076,1909f56bfc062723c751e8b465ee728b)
Start importing Assets/Rectiles/crosshair192.png using Guid(604a234dc98cf974bad8a4a57a82cedb) Importer(815301076,1909f56bfc062723c751e8b465ee728b)  -> (artifact id: '76297eac7c7ca27d1e34b0e5fff3fc92') in 0.016224 seconds 
========================================================================
Received Import Request.
  Time since last request: 0.000031 seconds.
  path: Assets/Rectiles/crosshair199.png
  artifactKey: Guid(43ab0afde0925544ab8ef92dc0485aed) Importer(815301076,1909f56bfc062723c751e8b465ee728b)
Start importing Assets/Rectiles/crosshair199.png using Guid(43ab0afde0925544ab8ef92dc0485aed) Importer(815301076,1909f56bfc062723c751e8b465ee728b)  -> (artifact id: '6041e2b787f29e8ba3d5bf29a180585f') in 0.016071 seconds 
========================================================================
Received Import Request.
  Time since last request: 0.000034 seconds.
  path: Assets/Rectiles/crosshair193.png
  artifactKey: Guid(74089bda6ee2c09478636f5c95367f62) Importer(815301076,1909f56bfc062723c751e8b465ee728b)
Start importing Assets/Rectiles/crosshair193.png using Guid(74089bda6ee2c09478636f5c95367f62) Importer(815301076,1909f56bfc062723c751e8b465ee728b)  -> (artifact id: 'eb62675707225dc876b0327f6fc98bc9') in 0.014610 seconds 
========================================================================
Received Import Request.
  Time since last request: 0.000041 seconds.
  path: Assets/Rectiles/crosshair190.png
  artifactKey: Guid(c402129290d4eaf4d8730865d43b5952) Importer(815301076,1909f56bfc062723c751e8b465ee728b)
Start importing Assets/Rectiles/crosshair190.png using Guid(c402129290d4eaf4d8730865d43b5952) Importer(815301076,1909f56bfc062723c751e8b465ee728b)  -> (artifact id: 'a9e7bcd9786f62273e8a10729b514389') in 0.015316 seconds 
========================================================================
Received Import Request.
  Time since last request: 0.000025 seconds.
  path: Assets/Rectiles/crosshair186.png
  artifactKey: Guid(d72224db24cd0e841b761886d6ee778d) Importer(815301076,1909f56bfc062723c751e8b465ee728b)
Start importing Assets/Rectiles/crosshair186.png using Guid(d72224db24cd0e841b761886d6ee778d) Importer(815301076,1909f56bfc062723c751e8b465ee728b)  -> (artifact id: 'ae58e275714ee1fca6709bd0877cafb2') in 0.015489 seconds 
========================================================================
Received Import Request.
  Time since last request: 0.000032 seconds.
  path: Assets/Rectiles/crosshair191.png
  artifactKey: Guid(21842005ddf5c01449cf370c4b6ea85a) Importer(815301076,1909f56bfc062723c751e8b465ee728b)
Start importing Assets/Rectiles/crosshair191.png using Guid(21842005ddf5c01449cf370c4b6ea85a) Importer(815301076,1909f56bfc062723c751e8b465ee728b)  -> (artifact id: '2a1fe1bf9fbfd80faa20f070c853b333') in 0.016234 seconds 
========================================================================
Received Import Request.
  Time since last request: 0.000027 seconds.
  path: Assets/Rectiles/crosshair189.png
  artifactKey: Guid(34757c26bc9dd594aabd01395ca2cdab) Importer(815301076,1909f56bfc062723c751e8b465ee728b)
Start importing Assets/Rectiles/crosshair189.png using Guid(34757c26bc9dd594aabd01395ca2cdab) Importer(815301076,1909f56bfc062723c751e8b465ee728b)  -> (artifact id: '744cf5ecc87373d17d95fd8785d4e53f') in 0.014378 seconds 
========================================================================
Received Import Request.
  Time since last request: 0.000026 seconds.
  path: Assets/Rectiles/crosshair195.png
  artifactKey: Guid(dcd4dd1fc02cf6d4ea3e74de061f131f) Importer(815301076,1909f56bfc062723c751e8b465ee728b)
Start importing Assets/Rectiles/crosshair195.png using Guid(dcd4dd1fc02cf6d4ea3e74de061f131f) Importer(815301076,1909f56bfc062723c751e8b465ee728b)  -> (artifact id: 'f6e828c7d283fa2392cded4e979d3f9d') in 0.015652 seconds 
========================================================================
Received Import Request.
  Time since last request: 0.000039 seconds.
  path: Assets/Rectiles/crosshair179.png
  artifactKey: Guid(f9c97874d4c5b26479448648922e6823) Importer(815301076,1909f56bfc062723c751e8b465ee728b)
Start importing Assets/Rectiles/crosshair179.png using Guid(f9c97874d4c5b26479448648922e6823) Importer(815301076,1909f56bfc062723c751e8b465ee728b)  -> (artifact id: '5032406ced13209fa5e8bd5cd0bd0507') in 0.014768 seconds 
Editor requested this worker to shutdown with reason: Scaling down because of idle timeout
AssetImportWorker is now disconnected from the server
Process exiting
Exiting without the bug reporter. Application will terminate with return code 0