Using pre-set license
Built from '2021.3/staging' branch; Version is '2021.3.7f1 (24e8595d6d43) revision 2418777'; Using compiler version '192829333'; Build Type 'Release'
OS: 'Windows 10  (10.0.19042) 64bit Enterprise' Language: 'en' Physical Memory: 32414 MB
BatchMode: 1, IsHumanControllingUs: 0, StartBugReporterOnCrash: 0, Is64bit: 1, IsPro: 1

COMMAND LINE ARGUMENTS:
C:\Program Files\Unity\Hub\Editor\2021.3.7f1\Editor\Unity.exe
-adb2
-batchMode
-noUpm
-name
AssetImportWorker0
-projectPath
C:/Users/WUStudent/Music/FrostFire/FrostFire
-logFile
Logs/AssetImportWorker0.log
-srvPort
52790
Successfully changed project path to: C:/Users/WUStudent/Music/FrostFire/FrostFire
C:/Users/WUStudent/Music/FrostFire/FrostFire
[UnityMemory] Configuration Parameters - Can be set up in boot.config
    "memorysetup-bucket-allocator-granularity=16"
    "memorysetup-bucket-allocator-bucket-count=8"
    "memorysetup-bucket-allocator-block-size=33554432"
    "memorysetup-bucket-allocator-block-count=8"
    "memorysetup-main-allocator-block-size=16777216"
    "memorysetup-thread-allocator-block-size=16777216"
    "memorysetup-gfx-main-allocator-block-size=16777216"
    "memorysetup-gfx-thread-allocator-block-size=16777216"
    "memorysetup-cache-allocator-block-size=4194304"
    "memorysetup-typetree-allocator-block-size=2097152"
    "memorysetup-profiler-bucket-allocator-granularity=16"
    "memorysetup-profiler-bucket-allocator-bucket-count=8"
    "memorysetup-profiler-bucket-allocator-block-size=33554432"
    "memorysetup-profiler-bucket-allocator-block-count=8"
    "memorysetup-profiler-allocator-block-size=16777216"
    "memorysetup-profiler-editor-allocator-block-size=1048576"
    "memorysetup-temp-allocator-size-main=16777216"
    "memorysetup-job-temp-allocator-block-size=2097152"
    "memorysetup-job-temp-allocator-block-size-background=1048576"
    "memorysetup-job-temp-allocator-reduction-small-platforms=262144"
    "memorysetup-temp-allocator-size-background-worker=32768"
    "memorysetup-temp-allocator-size-job-worker=262144"
    "memorysetup-temp-allocator-size-preload-manager=33554432"
    "memorysetup-temp-allocator-size-nav-mesh-worker=65536"
    "memorysetup-temp-allocator-size-audio-worker=65536"
    "memorysetup-temp-allocator-size-cloud-worker=32768"
    "memorysetup-temp-allocator-size-gi-baking-worker=262144"
    "memorysetup-temp-allocator-size-gfx=262144"
Refreshing native plugins compatible for Editor in 137.33 ms, found 3 plugins.
Preloading 0 native plugins for Editor in 0.00 ms.
Initialize engine version: 2021.3.7f1 (24e8595d6d43)
[Subsystems] Discovering subsystems at path C:/Program Files/Unity/Hub/Editor/2021.3.7f1/Editor/Data/Resources/UnitySubsystems
[Subsystems] Discovering subsystems at path C:/Users/WUStudent/Music/FrostFire/FrostFire/Assets
GfxDevice: creating device client; threaded=0; jobified=0
Direct3D:
    Version:  Direct3D 11.0 [level 11.1]
    Renderer: NVIDIA Quadro P4000 (ID=0x1bb1)
    Vendor:   NVIDIA
    VRAM:     8089 MB
    Driver:   30.0.14.7212
Initialize mono
Mono path[0] = 'C:/Program Files/Unity/Hub/Editor/2021.3.7f1/Editor/Data/Managed'
Mono path[1] = 'C:/Program Files/Unity/Hub/Editor/2021.3.7f1/Editor/Data/MonoBleedingEdge/lib/mono/unityjit-win32'
Mono config path = 'C:/Program Files/Unity/Hub/Editor/2021.3.7f1/Editor/Data/MonoBleedingEdge/etc'
Using monoOptions --debugger-agent=transport=dt_socket,embedding=1,server=y,suspend=n,address=127.0.0.1:56256
Begin MonoManager ReloadAssembly
Registering precompiled unity dll's ...
Register platform support module: C:/Program Files/Unity/Hub/Editor/2021.3.7f1/Editor/Data/PlaybackEngines/WindowsStandaloneSupport/UnityEditor.WindowsStandalone.Extensions.dll
Registered in 0.008224 seconds.
Native extension for WindowsStandalone target not found
Refreshing native plugins compatible for Editor in 124.92 ms, found 3 plugins.
Preloading 0 native plugins for Editor in 0.00 ms.
Mono: successfully reloaded assembly
- Completed reload, in  0.818 seconds
Domain Reload Profiling:
	ReloadAssembly (819ms)
		BeginReloadAssembly (89ms)
			ExecutionOrderSort (0ms)
			DisableScriptedObjects (0ms)
			BackupInstance (0ms)
			ReleaseScriptingObjects (0ms)
			CreateAndSetChildDomain (1ms)
		EndReloadAssembly (606ms)
			LoadAssemblies (86ms)
			RebuildTransferFunctionScriptingTraits (0ms)
			SetupTypeCache (138ms)
			ReleaseScriptCaches (0ms)
			RebuildScriptCaches (55ms)
			SetupLoadedEditorAssemblies (352ms)
				LogAssemblyErrors (0ms)
				InitializePlatformSupportModulesInManaged (21ms)
				SetLoadedEditorAssemblies (0ms)
				RefreshPlugins (125ms)
				BeforeProcessingInitializeOnLoad (1ms)
				ProcessInitializeOnLoadAttributes (158ms)
				ProcessInitializeOnLoadMethodAttributes (46ms)
				AfterProcessingInitializeOnLoad (0ms)
				EditorAssembliesLoaded (0ms)
			ExecutionOrderSort2 (0ms)
			AwakeInstancesAfterBackupRestoration (0ms)
Platform modules already initialized, skipping
Registering precompiled user dll's ...
Registered in 0.034730 seconds.
Begin MonoManager ReloadAssembly
Symbol file LoadedFromMemory doesn't match image C:\Users\WUStudent\Music\FrostFire\FrostFire\Library\PackageCache\com.unity.visualscripting@1.7.8\Editor\VisualScripting.Core\Dependencies\YamlDotNet\Unity.VisualScripting.YamlDotNet.dll
Symbol file LoadedFromMemory doesn't match image C:\Users\WUStudent\Music\FrostFire\FrostFire\Library\PackageCache\com.unity.visualscripting@1.7.8\Editor\VisualScripting.Core\Dependencies\DotNetZip\Unity.VisualScripting.IonicZip.dll
Native extension for WindowsStandalone target not found
Refreshing native plugins compatible for Editor in 123.58 ms, found 3 plugins.
Preloading 0 native plugins for Editor in 0.00 ms.
Mono: successfully reloaded assembly
- Completed reload, in  1.901 seconds
Domain Reload Profiling:
	ReloadAssembly (1902ms)
		BeginReloadAssembly (197ms)
			ExecutionOrderSort (0ms)
			DisableScriptedObjects (11ms)
			BackupInstance (0ms)
			ReleaseScriptingObjects (0ms)
			CreateAndSetChildDomain (44ms)
		EndReloadAssembly (1559ms)
			LoadAssemblies (138ms)
			RebuildTransferFunctionScriptingTraits (0ms)
			SetupTypeCache (397ms)
			ReleaseScriptCaches (1ms)
			RebuildScriptCaches (90ms)
			SetupLoadedEditorAssemblies (872ms)
				LogAssemblyErrors (0ms)
				InitializePlatformSupportModulesInManaged (5ms)
				SetLoadedEditorAssemblies (0ms)
				RefreshPlugins (124ms)
				BeforeProcessingInitializeOnLoad (136ms)
				ProcessInitializeOnLoadAttributes (471ms)
				ProcessInitializeOnLoadMethodAttributes (109ms)
				AfterProcessingInitializeOnLoad (26ms)
				EditorAssembliesLoaded (1ms)
			ExecutionOrderSort2 (0ms)
			AwakeInstancesAfterBackupRestoration (16ms)
Platform modules already initialized, skipping
========================================================================
Worker process is ready to serve import requests
Launched and connected shader compiler UnityShaderCompiler.exe after 0.72 seconds
Refreshing native plugins compatible for Editor in 1.22 ms, found 3 plugins.
Preloading 0 native plugins for Editor in 0.00 ms.
Unloading 5685 Unused Serialized files (Serialized files now loaded: 0)
Unloading 51 unused Assets / (0.8 MB). Loaded Objects now: 6139.
Memory consumption went from 221.3 MB to 220.6 MB.
Total: 11.149400 ms (FindLiveObjects: 1.013400 ms CreateObjectMapping: 1.130400 ms MarkObjects: 8.302200 ms  DeleteObjects: 0.701300 ms)

AssetImportParameters requested are different than current active one (requested -> active):
  custom:video-decoder-ogg-theora: a1e56fd34408186e4bbccfd4996cb3dc -> 
  custom:container-muxer-webm: aa71ff27fc2769a1b78a27578f13a17b -> 
  custom:container-demuxer-webm: 4f35f7cbe854078d1ac9338744f61a02 -> 
  custom:video-encoder-webm-vp8: eb34c28f22e8b96e1ab97ce403110664 -> 
  custom:audio-encoder-webm-vorbis: bf7c407c2cedff20999df2af8eb42d56 -> 
  custom:framework-win-MediaFoundation: 216162199b28c13a410421893ffa2e32 -> 
  custom:container-demuxer-ogg: 62fdf1f143b41e24485cea50d1cbac27 -> 
  custom:video-decoder-webm-vp8: 9c59270c3fd7afecdb556c50c9e8de78 -> 
  custom:audio-decoder-ogg-vorbis: bf7c407c2cedff20999df2af8eb42d56 -> 
========================================================================
Received Import Request.
  Time since last request: 426112.697031 seconds.
  path: Assets/UniversalRenderPipelineGlobalSettings.asset
  artifactKey: Guid(18dc0cd2c080841dea60987a38ce93fa) Importer(815301076,1909f56bfc062723c751e8b465ee728b)
Start importing Assets/UniversalRenderPipelineGlobalSettings.asset using Guid(18dc0cd2c080841dea60987a38ce93fa) Importer(815301076,1909f56bfc062723c751e8b465ee728b)  -> (artifact id: '92801cae1a897d946050a0dfa8d20fcb') in 0.122939 seconds 
========================================================================
Received Import Request.
  Time since last request: 0.000042 seconds.
  path: Assets/Readme.asset
  artifactKey: Guid(8105016687592461f977c054a80ce2f2) Importer(815301076,1909f56bfc062723c751e8b465ee728b)
Start importing Assets/Readme.asset using Guid(8105016687592461f977c054a80ce2f2) Importer(815301076,1909f56bfc062723c751e8b465ee728b)  -> (artifact id: '3f8df6bccfaeea7c160e2ca3bda91111') in 0.032906 seconds 
========================================================================
Received Import Request.
  Time since last request: 27.472846 seconds.
  path: Assets/Scenes
  artifactKey: Guid(dad487e9e5b4cd14bb58f4f5dcf11939) Importer(815301076,1909f56bfc062723c751e8b465ee728b)
Start importing Assets/Scenes using Guid(dad487e9e5b4cd14bb58f4f5dcf11939) Importer(815301076,1909f56bfc062723c751e8b465ee728b)  -> (artifact id: '04c4d4bad64abd4c86f595b6b7c6cfaf') in 0.036971 seconds 
========================================================================
Received Import Request.
  Time since last request: 2.856946 seconds.
  path: Assets/Scenes/SampleScene.unity
  artifactKey: Guid(99c9720ab356a0642a771bea13969a05) Importer(815301076,1909f56bfc062723c751e8b465ee728b)
Start importing Assets/Scenes/SampleScene.unity using Guid(99c9720ab356a0642a771bea13969a05) Importer(815301076,1909f56bfc062723c751e8b465ee728b)  -> (artifact id: '634de046d46d2618a4ec0c27789cd8ca') in 0.032810 seconds 
========================================================================
Received Prepare
Registering precompiled user dll's ...
Registered in 0.019404 seconds.
Begin MonoManager ReloadAssembly
Symbol file LoadedFromMemory doesn't match image C:\Users\WUStudent\Music\FrostFire\FrostFire\Library\PackageCache\com.unity.visualscripting@1.7.8\Editor\VisualScripting.Core\Dependencies\YamlDotNet\Unity.VisualScripting.YamlDotNet.dll
Symbol file LoadedFromMemory doesn't match image C:\Users\WUStudent\Music\FrostFire\FrostFire\Library\PackageCache\com.unity.visualscripting@1.7.8\Editor\VisualScripting.Core\Dependencies\DotNetZip\Unity.VisualScripting.IonicZip.dll
Native extension for WindowsStandalone target not found
Refreshing native plugins compatible for Editor in 1.28 ms, found 3 plugins.
Preloading 0 native plugins for Editor in 0.00 ms.
Mono: successfully reloaded assembly
- Completed reload, in  1.575 seconds
Domain Reload Profiling:
	ReloadAssembly (1575ms)
		BeginReloadAssembly (174ms)
			ExecutionOrderSort (0ms)
			DisableScriptedObjects (4ms)
			BackupInstance (0ms)
			ReleaseScriptingObjects (0ms)
			CreateAndSetChildDomain (55ms)
		EndReloadAssembly (1263ms)
			LoadAssemblies (132ms)
			RebuildTransferFunctionScriptingTraits (0ms)
			SetupTypeCache (344ms)
			ReleaseScriptCaches (3ms)
			RebuildScriptCaches (68ms)
			SetupLoadedEditorAssemblies (637ms)
				LogAssemblyErrors (0ms)
				InitializePlatformSupportModulesInManaged (17ms)
				SetLoadedEditorAssemblies (1ms)
				RefreshPlugins (1ms)
				BeforeProcessingInitializeOnLoad (106ms)
				ProcessInitializeOnLoadAttributes (386ms)
				ProcessInitializeOnLoadMethodAttributes (110ms)
				AfterProcessingInitializeOnLoad (15ms)
				EditorAssembliesLoaded (0ms)
			ExecutionOrderSort2 (0ms)
			AwakeInstancesAfterBackupRestoration (18ms)
Platform modules already initialized, skipping
Refreshing native plugins compatible for Editor in 3.10 ms, found 3 plugins.
Preloading 0 native plugins for Editor in 0.00 ms.
Unloading 5558 Unused Serialized files (Serialized files now loaded: 0)
Unloading 30 unused Assets / (0.8 MB). Loaded Objects now: 6155.
Memory consumption went from 216.3 MB to 215.6 MB.
Total: 5.142900 ms (FindLiveObjects: 0.672500 ms CreateObjectMapping: 0.515300 ms MarkObjects: 3.584300 ms  DeleteObjects: 0.369800 ms)

AssetImportParameters requested are different than current active one (requested -> active):
  custom:video-decoder-ogg-theora: a1e56fd34408186e4bbccfd4996cb3dc -> 
  custom:container-muxer-webm: aa71ff27fc2769a1b78a27578f13a17b -> 
  custom:container-demuxer-webm: 4f35f7cbe854078d1ac9338744f61a02 -> 
  custom:video-encoder-webm-vp8: eb34c28f22e8b96e1ab97ce403110664 -> 
  custom:audio-encoder-webm-vorbis: bf7c407c2cedff20999df2af8eb42d56 -> 
  custom:framework-win-MediaFoundation: 216162199b28c13a410421893ffa2e32 -> 
  custom:container-demuxer-ogg: 62fdf1f143b41e24485cea50d1cbac27 -> 
  custom:video-decoder-webm-vp8: 9c59270c3fd7afecdb556c50c9e8de78 -> 
  custom:audio-decoder-ogg-vorbis: bf7c407c2cedff20999df2af8eb42d56 -> 
========================================================================
Received Import Request.
  Time since last request: 59.315024 seconds.
  path: Assets/Animations/Dodge.fbx
  artifactKey: Guid(6b11c0515a47b2549b3b1c522de84cd7) Importer(815301076,1909f56bfc062723c751e8b465ee728b)
Start importing Assets/Animations/Dodge.fbx using Guid(6b11c0515a47b2549b3b1c522de84cd7) Importer(815301076,1909f56bfc062723c751e8b465ee728b)  -> (artifact id: '8b37b0cde6c93edd58478119b5ccd790') in 0.147878 seconds 
========================================================================
Received Import Request.
  Time since last request: 0.000027 seconds.
  path: Assets/Animations/StandAimIdle.fbx
  artifactKey: Guid(6c4cbb37c3906744db0d62123e75982d) Importer(815301076,1909f56bfc062723c751e8b465ee728b)
Start importing Assets/Animations/StandAimIdle.fbx using Guid(6c4cbb37c3906744db0d62123e75982d) Importer(815301076,1909f56bfc062723c751e8b465ee728b)  -> (artifact id: 'd4b830fc01166e6a496c0f1f53264cb2') in 0.027925 seconds 
========================================================================
Received Import Request.
  Time since last request: 0.000032 seconds.
  path: Assets/Animations/Upperbody.mask
  artifactKey: Guid(c082c3d7c9cb47e44974d5ac1521a5b3) Importer(815301076,1909f56bfc062723c751e8b465ee728b)
Start importing Assets/Animations/Upperbody.mask using Guid(c082c3d7c9cb47e44974d5ac1521a5b3) Importer(815301076,1909f56bfc062723c751e8b465ee728b)  -> (artifact id: '9bc6d3378710be02d8a25b2322e21b66') in 0.018266 seconds 
========================================================================
Received Import Request.
  Time since last request: 0.000024 seconds.
  path: Assets/Animations/X Bot@Standing Aim Overdraw.fbx
  artifactKey: Guid(4d30b089b620d5d4fafaab04d499e13d) Importer(815301076,1909f56bfc062723c751e8b465ee728b)
Start importing Assets/Animations/X Bot@Standing Aim Overdraw.fbx using Guid(4d30b089b620d5d4fafaab04d499e13d) Importer(815301076,1909f56bfc062723c751e8b465ee728b)  -> (artifact id: '468fad1e8ecb89e6b7cce2fda43cf10c') in 0.025009 seconds 
========================================================================
Received Import Request.
  Time since last request: 0.000024 seconds.
  path: Assets/Animations/placeholderjock@Standing Dive Forward.fbx
  artifactKey: Guid(206a0a2ffb0396e458448c5e955fb0a1) Importer(815301076,1909f56bfc062723c751e8b465ee728b)
Start importing Assets/Animations/placeholderjock@Standing Dive Forward.fbx using Guid(206a0a2ffb0396e458448c5e955fb0a1) Importer(815301076,1909f56bfc062723c751e8b465ee728b)  -> (artifact id: '2c1eeb52c9ac0103f7ea754fb504670f') in 0.030422 seconds 
========================================================================
Received Import Request.
  Time since last request: 0.000030 seconds.
  path: Assets/Animations/Standing Aim Walk Left (1).fbx
  artifactKey: Guid(a9099aee5374e864197879638622ea29) Importer(815301076,1909f56bfc062723c751e8b465ee728b)
Start importing Assets/Animations/Standing Aim Walk Left (1).fbx using Guid(a9099aee5374e864197879638622ea29) Importer(815301076,1909f56bfc062723c751e8b465ee728b)  -> (artifact id: 'd31686bf0e5a0e8e8ea2bd8b9c8b7550') in 0.033591 seconds 
========================================================================
Received Import Request.
  Time since last request: 0.000024 seconds.
  path: Assets/Animations/StandingDrawBow.fbx
  artifactKey: Guid(942e83777bf3ab9448cd006700911e20) Importer(815301076,1909f56bfc062723c751e8b465ee728b)
Start importing Assets/Animations/StandingDrawBow.fbx using Guid(942e83777bf3ab9448cd006700911e20) Importer(815301076,1909f56bfc062723c751e8b465ee728b)  -> (artifact id: '0442d26ee6e2ead6b4e2d132a37e84c4') in 0.036196 seconds 
========================================================================
Received Import Request.
  Time since last request: 0.000027 seconds.
  path: Assets/Animations/Standing Aim Walk Right (1).fbx
  artifactKey: Guid(a3e865e7c10d82e4982a66f37cf82e9f) Importer(815301076,1909f56bfc062723c751e8b465ee728b)
Start importing Assets/Animations/Standing Aim Walk Right (1).fbx using Guid(a3e865e7c10d82e4982a66f37cf82e9f) Importer(815301076,1909f56bfc062723c751e8b465ee728b)  -> (artifact id: '1000cb6c7f5616616adee11ad662239d') in 0.035727 seconds 
========================================================================
Received Import Request.
  Time since last request: 0.000041 seconds.
  path: Assets/Animations/Standing Aim Walk Back (1).fbx
  artifactKey: Guid(09441bf49ef75404e8e82b2c99e9ecf1) Importer(815301076,1909f56bfc062723c751e8b465ee728b)
Start importing Assets/Animations/Standing Aim Walk Back (1).fbx using Guid(09441bf49ef75404e8e82b2c99e9ecf1) Importer(815301076,1909f56bfc062723c751e8b465ee728b)  -> (artifact id: 'f43d3d46ce003ebc81cf99dc52781924') in 0.036585 seconds 
========================================================================
Received Import Request.
  Time since last request: 0.000055 seconds.
  path: Assets/Animations/StandAimIdleRecoil.fbx
  artifactKey: Guid(db97c60af27142147969308b5e6e0abe) Importer(815301076,1909f56bfc062723c751e8b465ee728b)
Start importing Assets/Animations/StandAimIdleRecoil.fbx using Guid(db97c60af27142147969308b5e6e0abe) Importer(815301076,1909f56bfc062723c751e8b465ee728b)  -> (artifact id: 'ec6ed5e04b52e15418d6179d9fa8bbde') in 0.042258 seconds 
========================================================================
Received Import Request.
  Time since last request: 0.000027 seconds.
  path: Assets/Animations/Standing Aim Walk Forward (1).fbx
  artifactKey: Guid(0c827b8a0754ed74e810000dd078a620) Importer(815301076,1909f56bfc062723c751e8b465ee728b)
Start importing Assets/Animations/Standing Aim Walk Forward (1).fbx using Guid(0c827b8a0754ed74e810000dd078a620) Importer(815301076,1909f56bfc062723c751e8b465ee728b)  -> (artifact id: '2e4b15b96f3e2ed42339ac472a6af854') in 0.024796 seconds 
========================================================================
Received Import Request.
  Time since last request: 0.298576 seconds.
  path: Assets/Animations/PlayerAnimController.controller
  artifactKey: Guid(cbc06d417bde2e64a8b53affaf3b66f5) Importer(815301076,1909f56bfc062723c751e8b465ee728b)
Start importing Assets/Animations/PlayerAnimController.controller using Guid(cbc06d417bde2e64a8b53affaf3b66f5) Importer(815301076,1909f56bfc062723c751e8b465ee728b)  -> (artifact id: '1e61dc8184c78cdc8e898d3258a77593') in 0.035043 seconds 
========================================================================
Received Prepare
Registering precompiled user dll's ...
Registered in 0.011881 seconds.
Begin MonoManager ReloadAssembly
Symbol file LoadedFromMemory doesn't match image C:\Users\WUStudent\Music\FrostFire\FrostFire\Library\PackageCache\com.unity.visualscripting@1.7.8\Editor\VisualScripting.Core\Dependencies\YamlDotNet\Unity.VisualScripting.YamlDotNet.dll
Symbol file LoadedFromMemory doesn't match image C:\Users\WUStudent\Music\FrostFire\FrostFire\Library\PackageCache\com.unity.visualscripting@1.7.8\Editor\VisualScripting.Core\Dependencies\DotNetZip\Unity.VisualScripting.IonicZip.dll
Native extension for WindowsStandalone target not found
Refreshing native plugins compatible for Editor in 1.59 ms, found 3 plugins.
Preloading 0 native plugins for Editor in 0.00 ms.
Mono: successfully reloaded assembly
- Completed reload, in  1.595 seconds
Domain Reload Profiling:
	ReloadAssembly (1596ms)
		BeginReloadAssembly (206ms)
			ExecutionOrderSort (0ms)
			DisableScriptedObjects (4ms)
			BackupInstance (0ms)
			ReleaseScriptingObjects (0ms)
			CreateAndSetChildDomain (72ms)
		EndReloadAssembly (1235ms)
			LoadAssemblies (128ms)
			RebuildTransferFunctionScriptingTraits (0ms)
			SetupTypeCache (362ms)
			ReleaseScriptCaches (2ms)
			RebuildScriptCaches (53ms)
			SetupLoadedEditorAssemblies (625ms)
				LogAssemblyErrors (0ms)
				InitializePlatformSupportModulesInManaged (16ms)
				SetLoadedEditorAssemblies (1ms)
				RefreshPlugins (2ms)
				BeforeProcessingInitializeOnLoad (114ms)
				ProcessInitializeOnLoadAttributes (386ms)
				ProcessInitializeOnLoadMethodAttributes (95ms)
				AfterProcessingInitializeOnLoad (12ms)
				EditorAssembliesLoaded (0ms)
			ExecutionOrderSort2 (0ms)
			AwakeInstancesAfterBackupRestoration (21ms)
Platform modules already initialized, skipping
Refreshing native plugins compatible for Editor in 4.64 ms, found 3 plugins.
Preloading 0 native plugins for Editor in 0.00 ms.
Unloading 5558 Unused Serialized files (Serialized files now loaded: 0)
Unloading 30 unused Assets / (0.8 MB). Loaded Objects now: 6171.
Memory consumption went from 216.5 MB to 215.7 MB.
Total: 7.244700 ms (FindLiveObjects: 0.569700 ms CreateObjectMapping: 0.487100 ms MarkObjects: 5.787500 ms  DeleteObjects: 0.399400 ms)

AssetImportParameters requested are different than current active one (requested -> active):
  custom:video-decoder-ogg-theora: a1e56fd34408186e4bbccfd4996cb3dc -> 
  custom:container-muxer-webm: aa71ff27fc2769a1b78a27578f13a17b -> 
  custom:container-demuxer-webm: 4f35f7cbe854078d1ac9338744f61a02 -> 
  custom:video-encoder-webm-vp8: eb34c28f22e8b96e1ab97ce403110664 -> 
  custom:audio-encoder-webm-vorbis: bf7c407c2cedff20999df2af8eb42d56 -> 
  custom:framework-win-MediaFoundation: 216162199b28c13a410421893ffa2e32 -> 
  custom:container-demuxer-ogg: 62fdf1f143b41e24485cea50d1cbac27 -> 
  custom:video-decoder-webm-vp8: 9c59270c3fd7afecdb556c50c9e8de78 -> 
  custom:audio-decoder-ogg-vorbis: bf7c407c2cedff20999df2af8eb42d56 -> 
Editor requested this worker to shutdown with reason: Scaling down because of idle timeout
AssetImportWorker is now disconnected from the server
Process exiting
Exiting without the bug reporter. Application will terminate with return code 0