Using pre-set license
Built from '2021.3/staging' branch; Version is '2021.3.7f1 (24e8595d6d43) revision 2418777'; Using compiler version '192829333'; Build Type 'Release'
OS: 'Windows 10  (10.0.19044) 64bit Core' Language: 'en' Physical Memory: 14188 MB
BatchMode: 1, IsHumanControllingUs: 0, StartBugReporterOnCrash: 0, Is64bit: 1, IsPro: 1

COMMAND LINE ARGUMENTS:
C:\Program Files\Unity\Hub\Editor\2021.3.7f1\Editor\Unity.exe
-adb2
-batchMode
-noUpm
-name
AssetImportWorker2
-projectPath
C:/Users/jt366/Music/FrostFire/FrostFire
-logFile
Logs/AssetImportWorker2.log
-srvPort
55981
Successfully changed project path to: C:/Users/jt366/Music/FrostFire/FrostFire
C:/Users/jt366/Music/FrostFire/FrostFire
[UnityMemory] Configuration Parameters - Can be set up in boot.config
    "memorysetup-bucket-allocator-granularity=16"
    "memorysetup-bucket-allocator-bucket-count=8"
    "memorysetup-bucket-allocator-block-size=33554432"
    "memorysetup-bucket-allocator-block-count=8"
    "memorysetup-main-allocator-block-size=16777216"
    "memorysetup-thread-allocator-block-size=16777216"
    "memorysetup-gfx-main-allocator-block-size=16777216"
    "memorysetup-gfx-thread-allocator-block-size=16777216"
    "memorysetup-cache-allocator-block-size=4194304"
    "memorysetup-typetree-allocator-block-size=2097152"
    "memorysetup-profiler-bucket-allocator-granularity=16"
    "memorysetup-profiler-bucket-allocator-bucket-count=8"
    "memorysetup-profiler-bucket-allocator-block-size=33554432"
    "memorysetup-profiler-bucket-allocator-block-count=8"
    "memorysetup-profiler-allocator-block-size=16777216"
    "memorysetup-profiler-editor-allocator-block-size=1048576"
    "memorysetup-temp-allocator-size-main=16777216"
    "memorysetup-job-temp-allocator-block-size=2097152"
    "memorysetup-job-temp-allocator-block-size-background=1048576"
    "memorysetup-job-temp-allocator-reduction-small-platforms=262144"
    "memorysetup-temp-allocator-size-background-worker=32768"
    "memorysetup-temp-allocator-size-job-worker=262144"
    "memorysetup-temp-allocator-size-preload-manager=33554432"
    "memorysetup-temp-allocator-size-nav-mesh-worker=65536"
    "memorysetup-temp-allocator-size-audio-worker=65536"
    "memorysetup-temp-allocator-size-cloud-worker=32768"
    "memorysetup-temp-allocator-size-gi-baking-worker=262144"
    "memorysetup-temp-allocator-size-gfx=262144"
Refreshing native plugins compatible for Editor in 106.43 ms, found 3 plugins.
Preloading 0 native plugins for Editor in 0.00 ms.
Initialize engine version: 2021.3.7f1 (24e8595d6d43)
[Subsystems] Discovering subsystems at path C:/Program Files/Unity/Hub/Editor/2021.3.7f1/Editor/Data/Resources/UnitySubsystems
[Subsystems] Discovering subsystems at path C:/Users/jt366/Music/FrostFire/FrostFire/Assets
GfxDevice: creating device client; threaded=0; jobified=0
Direct3D:
    Version:  Direct3D 11.0 [level 11.1]
    Renderer: NVIDIA GeForce RTX 3050 Ti Laptop GPU (ID=0x25e0)
    Vendor:   NVIDIA
    VRAM:     3990 MB
    Driver:   31.0.15.1694
Initialize mono
Mono path[0] = 'C:/Program Files/Unity/Hub/Editor/2021.3.7f1/Editor/Data/Managed'
Mono path[1] = 'C:/Program Files/Unity/Hub/Editor/2021.3.7f1/Editor/Data/MonoBleedingEdge/lib/mono/unityjit-win32'
Mono config path = 'C:/Program Files/Unity/Hub/Editor/2021.3.7f1/Editor/Data/MonoBleedingEdge/etc'
Using monoOptions --debugger-agent=transport=dt_socket,embedding=1,server=y,suspend=n,address=127.0.0.1:56708
Begin MonoManager ReloadAssembly
Registering precompiled unity dll's ...
Register platform support module: C:/Program Files/Unity/Hub/Editor/2021.3.7f1/Editor/Data/PlaybackEngines/WindowsStandaloneSupport/UnityEditor.WindowsStandalone.Extensions.dll
Registered in 0.006675 seconds.
Native extension for WindowsStandalone target not found
Refreshing native plugins compatible for Editor in 97.19 ms, found 3 plugins.
Preloading 0 native plugins for Editor in 0.00 ms.
Mono: successfully reloaded assembly
- Completed reload, in  0.597 seconds
Domain Reload Profiling:
	ReloadAssembly (597ms)
		BeginReloadAssembly (66ms)
			ExecutionOrderSort (0ms)
			DisableScriptedObjects (0ms)
			BackupInstance (0ms)
			ReleaseScriptingObjects (0ms)
			CreateAndSetChildDomain (1ms)
		EndReloadAssembly (431ms)
			LoadAssemblies (64ms)
			RebuildTransferFunctionScriptingTraits (0ms)
			SetupTypeCache (95ms)
			ReleaseScriptCaches (0ms)
			RebuildScriptCaches (22ms)
			SetupLoadedEditorAssemblies (266ms)
				LogAssemblyErrors (0ms)
				InitializePlatformSupportModulesInManaged (7ms)
				SetLoadedEditorAssemblies (0ms)
				RefreshPlugins (97ms)
				BeforeProcessingInitializeOnLoad (1ms)
				ProcessInitializeOnLoadAttributes (121ms)
				ProcessInitializeOnLoadMethodAttributes (39ms)
				AfterProcessingInitializeOnLoad (0ms)
				EditorAssembliesLoaded (0ms)
			ExecutionOrderSort2 (0ms)
			AwakeInstancesAfterBackupRestoration (0ms)
Platform modules already initialized, skipping
Registering precompiled user dll's ...
Registered in 0.007444 seconds.
Begin MonoManager ReloadAssembly
Symbol file LoadedFromMemory doesn't match image C:\Users\jt366\Music\FrostFire\FrostFire\Library\PackageCache\com.unity.visualscripting@1.7.8\Editor\VisualScripting.Core\Dependencies\YamlDotNet\Unity.VisualScripting.YamlDotNet.dll
Symbol file LoadedFromMemory doesn't match image C:\Users\jt366\Music\FrostFire\FrostFire\Library\PackageCache\com.unity.visualscripting@1.7.8\Editor\VisualScripting.Core\Dependencies\DotNetZip\Unity.VisualScripting.IonicZip.dll
Native extension for WindowsStandalone target not found
Refreshing native plugins compatible for Editor in 94.60 ms, found 3 plugins.
Preloading 0 native plugins for Editor in 0.00 ms.
Error saving file Library/StateCache/LayerSettings/9e/9ecc5c3c162a7aba29bafa64c8b94b7c.json. Error: System.IO.IOException: Sharing violation on path C:\Users\jt366\Music\FrostFire\FrostFire\Library\StateCache\LayerSettings\9e\9ecc5c3c162a7aba29bafa64c8b94b7c.json
  at System.IO.FileStream..ctor (System.String path, System.IO.FileMode mode, System.IO.FileAccess access, System.IO.FileShare share, System.Int32 bufferSize, System.Boolean anonymous, System.IO.FileOptions options) [0x0019e] in <c2a97e0383e8404c9fc0ae19d58f57f1>:0 
  at System.IO.FileStream..ctor (System.String path, System.IO.FileMode mode, System.IO.FileAccess access, System.IO.FileShare share, System.Int32 bufferSize, System.IO.FileOptions options) [0x00000] in <c2a97e0383e8404c9fc0ae19d58f57f1>:0 
  at (wrapper remoting-invoke-with-check) System.IO.FileStream..ctor(string,System.IO.FileMode,System.IO.FileAccess,System.IO.FileShare,int,System.IO.FileOptions)
  at System.IO.StreamWriter..ctor (System.String path, System.Boolean append, System.Text.Encoding encoding, System.Int32 bufferSize) [0x00055] in <c2a97e0383e8404c9fc0ae19d58f57f1>:0 
  at System.IO.StreamWriter..ctor (System.String path, System.Boolean append, System.Text.Encoding encoding) [0x00000] in <c2a97e0383e8404c9fc0ae19d58f57f1>:0 
  at (wrapper remoting-invoke-with-check) System.IO.StreamWriter..ctor(string,bool,System.Text.Encoding)
  at System.IO.File.WriteAllText (System.String path, System.String contents, System.Text.Encoding encoding) [0x00034] in <c2a97e0383e8404c9fc0ae19d58f57f1>:0 
  at UnityEditor.StateCache`1[T].SetState (UnityEngine.Hash128 key, T obj) [0x0004b] in <33518779906b403ba9f96eccba6a861b>:0 
UnityEngine.StackTraceUtility:ExtractStackTrace ()
UnityEngine.DebugLogHandler:LogFormat (UnityEngine.LogType,UnityEngine.Object,string,object[])
UnityEngine.Logger:Log (UnityEngine.LogType,object)
UnityEngine.Debug:LogError (object)
UnityEditor.StateCache`1<UnityEditor.Tools/LayerSettings>:SetState (UnityEngine.Hash128,UnityEditor.Tools/LayerSettings)
UnityEditor.Tools:set_lockedLayers (int)
UnityEditor.Tools:OnEnable ()
UnityEngine.ScriptableObject:CreateInstance (System.Type)
UnityEngine.ScriptableObject:CreateInstance<UnityEditor.Tools> ()
UnityEditor.Tools:get_get ()
UnityEditor.Tools:get_visibleLayers ()
UnityEditor.Animations.Rigging.BoneRendererUtils:.cctor () (at Library/PackageCache/com.unity.animation.rigging@1.1.1/Editor/Utils/BoneRendererUtils.cs:121)
System.Runtime.CompilerServices.RuntimeHelpers:RunClassConstructor (System.RuntimeTypeHandle)
UnityEditor.EditorAssemblies:ProcessInitializeOnLoadAttributes (System.Type[])

(Filename: Library/PackageCache/com.unity.animation.rigging@1.1.1/Editor/Utils/BoneRendererUtils.cs Line: 121)

Mono: successfully reloaded assembly
- Completed reload, in  1.347 seconds
Domain Reload Profiling:
	ReloadAssembly (1347ms)
		BeginReloadAssembly (110ms)
			ExecutionOrderSort (0ms)
			DisableScriptedObjects (5ms)
			BackupInstance (0ms)
			ReleaseScriptingObjects (0ms)
			CreateAndSetChildDomain (20ms)
		EndReloadAssembly (1129ms)
			LoadAssemblies (95ms)
			RebuildTransferFunctionScriptingTraits (0ms)
			SetupTypeCache (261ms)
			ReleaseScriptCaches (1ms)
			RebuildScriptCaches (63ms)
			SetupLoadedEditorAssemblies (669ms)
				LogAssemblyErrors (0ms)
				InitializePlatformSupportModulesInManaged (4ms)
				SetLoadedEditorAssemblies (0ms)
				RefreshPlugins (95ms)
				BeforeProcessingInitializeOnLoad (122ms)
				ProcessInitializeOnLoadAttributes (366ms)
				ProcessInitializeOnLoadMethodAttributes (75ms)
				AfterProcessingInitializeOnLoad (7ms)
				EditorAssembliesLoaded (0ms)
			ExecutionOrderSort2 (0ms)
			AwakeInstancesAfterBackupRestoration (5ms)
Platform modules already initialized, skipping
========================================================================
Worker process is ready to serve import requests
Launched and connected shader compiler UnityShaderCompiler.exe after 0.05 seconds
Refreshing native plugins compatible for Editor in 1.18 ms, found 3 plugins.
Preloading 0 native plugins for Editor in 0.00 ms.
Unloading 5685 Unused Serialized files (Serialized files now loaded: 0)
Unloading 51 unused Assets / (0.8 MB). Loaded Objects now: 6141.
Memory consumption went from 221.8 MB to 221.0 MB.
Total: 4.714100 ms (FindLiveObjects: 0.564700 ms CreateObjectMapping: 0.204000 ms MarkObjects: 3.544500 ms  DeleteObjects: 0.400000 ms)

AssetImportParameters requested are different than current active one (requested -> active):
  custom:video-decoder-ogg-theora: a1e56fd34408186e4bbccfd4996cb3dc -> 
  custom:container-muxer-webm: aa71ff27fc2769a1b78a27578f13a17b -> 
  custom:container-demuxer-webm: 4f35f7cbe854078d1ac9338744f61a02 -> 
  custom:video-encoder-webm-vp8: eb34c28f22e8b96e1ab97ce403110664 -> 
  custom:audio-encoder-webm-vorbis: bf7c407c2cedff20999df2af8eb42d56 -> 
  custom:framework-win-MediaFoundation: 216162199b28c13a410421893ffa2e32 -> 
  custom:container-demuxer-ogg: 62fdf1f143b41e24485cea50d1cbac27 -> 
  custom:video-decoder-webm-vp8: 9c59270c3fd7afecdb556c50c9e8de78 -> 
  custom:audio-decoder-ogg-vorbis: bf7c407c2cedff20999df2af8eb42d56 -> 
========================================================================
Received Import Request.
  Time since last request: 28944.031879 seconds.
  path: Assets/Animations/UnityHubAnimations/Archer_Die.fbx
  artifactKey: Guid(db937d5890013614db5d451e2af19e26) Importer(815301076,1909f56bfc062723c751e8b465ee728b)
Start importing Assets/Animations/UnityHubAnimations/Archer_Die.fbx using Guid(db937d5890013614db5d451e2af19e26) Importer(815301076,1909f56bfc062723c751e8b465ee728b)  -> (artifact id: '285bced6848e8af088c1aa3955d7eefb') in 0.069702 seconds 
========================================================================
Received Import Request.
  Time since last request: 0.000034 seconds.
  path: Assets/Animations/UnityHubAnimations/Archer_aim.fbx
  artifactKey: Guid(255fac9584b3be445a512678a4bba960) Importer(815301076,1909f56bfc062723c751e8b465ee728b)
Start importing Assets/Animations/UnityHubAnimations/Archer_aim.fbx using Guid(255fac9584b3be445a512678a4bba960) Importer(815301076,1909f56bfc062723c751e8b465ee728b)  -> (artifact id: 'ca453c9d49962dd67a696e1af9afc552') in 0.020238 seconds 
========================================================================
Received Import Request.
  Time since last request: 103.785326 seconds.
  path: Assets/Animations/Standing Aim Walk Back (1).fbx
  artifactKey: Guid(09441bf49ef75404e8e82b2c99e9ecf1) Importer(815301076,1909f56bfc062723c751e8b465ee728b)
Start importing Assets/Animations/Standing Aim Walk Back (1).fbx using Guid(09441bf49ef75404e8e82b2c99e9ecf1) Importer(815301076,1909f56bfc062723c751e8b465ee728b)  -> (artifact id: '8763a9bb16e39b96aa35ae3d15d7600d') in 0.015064 seconds 
========================================================================
Received Import Request.
  Time since last request: 0.000030 seconds.
  path: Assets/Animations/Standing Aim Walk Right (1).fbx
  artifactKey: Guid(a3e865e7c10d82e4982a66f37cf82e9f) Importer(815301076,1909f56bfc062723c751e8b465ee728b)
Start importing Assets/Animations/Standing Aim Walk Right (1).fbx using Guid(a3e865e7c10d82e4982a66f37cf82e9f) Importer(815301076,1909f56bfc062723c751e8b465ee728b)  -> (artifact id: '7d47a6cfa58ac7dda1e2dad6be3a0e83') in 0.015099 seconds 
========================================================================
Received Import Request.
  Time since last request: 28.570559 seconds.
  path: Assets/Animations/Standing Aim Walk Back (1).fbx
  artifactKey: Guid(09441bf49ef75404e8e82b2c99e9ecf1) Importer(815301076,1909f56bfc062723c751e8b465ee728b)
Start importing Assets/Animations/Standing Aim Walk Back (1).fbx using Guid(09441bf49ef75404e8e82b2c99e9ecf1) Importer(815301076,1909f56bfc062723c751e8b465ee728b)  -> (artifact id: '7ce01c5d1cbd4658470548a9f7c0d8e2') in 0.011018 seconds 
========================================================================
Received Import Request.
  Time since last request: 0.000029 seconds.
  path: Assets/Animations/Standing Aim Walk Left (1).fbx
  artifactKey: Guid(a9099aee5374e864197879638622ea29) Importer(815301076,1909f56bfc062723c751e8b465ee728b)
Start importing Assets/Animations/Standing Aim Walk Left (1).fbx using Guid(a9099aee5374e864197879638622ea29) Importer(815301076,1909f56bfc062723c751e8b465ee728b)  -> (artifact id: 'a1fa52a4a76e3ee43d122db647cf1d98') in 0.009732 seconds 
========================================================================
Received Import Request.
  Time since last request: 18.704162 seconds.
  path: Assets/Animations/Standing Aim Walk Back (1).fbx
  artifactKey: Guid(09441bf49ef75404e8e82b2c99e9ecf1) Importer(815301076,1909f56bfc062723c751e8b465ee728b)
Start importing Assets/Animations/Standing Aim Walk Back (1).fbx using Guid(09441bf49ef75404e8e82b2c99e9ecf1) Importer(815301076,1909f56bfc062723c751e8b465ee728b)  -> (artifact id: 'a4a5d77bfb0a258bdfe37ecf6ed83101') in 0.009314 seconds 
========================================================================
Received Import Request.
  Time since last request: 30.194152 seconds.
  path: Assets/Animations/Standing Aim Walk Back (1).fbx
  artifactKey: Guid(09441bf49ef75404e8e82b2c99e9ecf1) Importer(815301076,1909f56bfc062723c751e8b465ee728b)
Start importing Assets/Animations/Standing Aim Walk Back (1).fbx using Guid(09441bf49ef75404e8e82b2c99e9ecf1) Importer(815301076,1909f56bfc062723c751e8b465ee728b)  -> (artifact id: 'ae12d90048ede094f1c587f0e7a715ca') in 0.009898 seconds 
========================================================================
Received Import Request.
  Time since last request: 42.053358 seconds.
  path: Assets/Animations/Standing Aim Walk Right (1).fbx
  artifactKey: Guid(a3e865e7c10d82e4982a66f37cf82e9f) Importer(815301076,1909f56bfc062723c751e8b465ee728b)
Start importing Assets/Animations/Standing Aim Walk Right (1).fbx using Guid(a3e865e7c10d82e4982a66f37cf82e9f) Importer(815301076,1909f56bfc062723c751e8b465ee728b)  -> (artifact id: '1663ede0d31a416f9242ce0d6df9e686') in 0.009312 seconds 
========================================================================
Received Import Request.
  Time since last request: 20.829500 seconds.
  path: Assets/Animations/Standing Aim Walk Left (1).fbx
  artifactKey: Guid(a9099aee5374e864197879638622ea29) Importer(815301076,1909f56bfc062723c751e8b465ee728b)
Start importing Assets/Animations/Standing Aim Walk Left (1).fbx using Guid(a9099aee5374e864197879638622ea29) Importer(815301076,1909f56bfc062723c751e8b465ee728b)  -> (artifact id: 'aa2a60ce9eb7ae64c6293a4d99edfc67') in 0.009622 seconds 
========================================================================
Received Import Request.
  Time since last request: 33.066874 seconds.
  path: Assets/Animations/Standing Aim Walk Left (1).fbx
  artifactKey: Guid(a9099aee5374e864197879638622ea29) Importer(815301076,1909f56bfc062723c751e8b465ee728b)
Start importing Assets/Animations/Standing Aim Walk Left (1).fbx using Guid(a9099aee5374e864197879638622ea29) Importer(815301076,1909f56bfc062723c751e8b465ee728b)  -> (artifact id: '05f03400ff43c73e730cfbcd2b4b0605') in 0.009966 seconds 
========================================================================
Received Import Request.
  Time since last request: 37.211006 seconds.
  path: Assets/Animations/Standing Aim Walk Forward (1).fbx
  artifactKey: Guid(0c827b8a0754ed74e810000dd078a620) Importer(815301076,1909f56bfc062723c751e8b465ee728b)
Start importing Assets/Animations/Standing Aim Walk Forward (1).fbx using Guid(0c827b8a0754ed74e810000dd078a620) Importer(815301076,1909f56bfc062723c751e8b465ee728b)  -> (artifact id: '51a6e90afb3fe31f6d1fc5e3e6c9710f') in 0.009471 seconds 
